INFO - 2023-07-14 00:07:42 --> Session: Class initialized using 'CodeIgniter\Session\Handlers\FileHandler' driver.
INFO - 2023-07-14 00:46:27 --> Session: Class initialized using 'CodeIgniter\Session\Handlers\FileHandler' driver.
INFO - 2023-07-14 00:46:27 --> Session: Class initialized using 'CodeIgniter\Session\Handlers\FileHandler' driver.
INFO - 2023-07-14 00:47:20 --> Session: Class initialized using 'CodeIgniter\Session\Handlers\FileHandler' driver.
INFO - 2023-07-14 00:47:32 --> Session: Class initialized using 'CodeIgniter\Session\Handlers\FileHandler' driver.
INFO - 2023-07-14 00:47:51 --> Session: Class initialized using 'CodeIgniter\Session\Handlers\FileHandler' driver.
INFO - 2023-07-14 00:48:20 --> Session: Class initialized using 'CodeIgniter\Session\Handlers\FileHandler' driver.
INFO - 2023-07-14 00:48:26 --> Session: Class initialized using 'CodeIgniter\Session\Handlers\FileHandler' driver.
INFO - 2023-07-14 00:48:28 --> Session: Class initialized using 'CodeIgniter\Session\Handlers\FileHandler' driver.
INFO - 2023-07-14 00:48:33 --> Session: Class initialized using 'CodeIgniter\Session\Handlers\FileHandler' driver.
INFO - 2023-07-14 00:49:24 --> Session: Class initialized using 'CodeIgniter\Session\Handlers\FileHandler' driver.
INFO - 2023-07-14 00:50:08 --> Session: Class initialized using 'CodeIgniter\Session\Handlers\FileHandler' driver.
INFO - 2023-07-14 00:50:09 --> Session: Class initialized using 'CodeIgniter\Session\Handlers\FileHandler' driver.
INFO - 2023-07-14 00:50:10 --> Session: Class initialized using 'CodeIgniter\Session\Handlers\FileHandler' driver.
INFO - 2023-07-14 00:50:10 --> Session: Class initialized using 'CodeIgniter\Session\Handlers\FileHandler' driver.
INFO - 2023-07-14 00:50:10 --> Session: Class initialized using 'CodeIgniter\Session\Handlers\FileHandler' driver.
INFO - 2023-07-14 00:52:11 --> Session: Class initialized using 'CodeIgniter\Session\Handlers\FileHandler' driver.
INFO - 2023-07-14 00:53:15 --> Session: Class initialized using 'CodeIgniter\Session\Handlers\FileHandler' driver.
INFO - 2023-07-14 00:53:19 --> Session: Class initialized using 'CodeIgniter\Session\Handlers\FileHandler' driver.
INFO - 2023-07-14 00:53:42 --> Session: Class initialized using 'CodeIgniter\Session\Handlers\FileHandler' driver.
INFO - 2023-07-14 00:55:04 --> Session: Class initialized using 'CodeIgniter\Session\Handlers\FileHandler' driver.
INFO - 2023-07-14 00:55:06 --> Session: Class initialized using 'CodeIgniter\Session\Handlers\FileHandler' driver.
INFO - 2023-07-14 00:56:13 --> Session: Class initialized using 'CodeIgniter\Session\Handlers\FileHandler' driver.
INFO - 2023-07-14 00:56:16 --> Session: Class initialized using 'CodeIgniter\Session\Handlers\FileHandler' driver.
INFO - 2023-07-14 00:58:30 --> Session: Class initialized using 'CodeIgniter\Session\Handlers\FileHandler' driver.
INFO - 2023-07-14 00:58:30 --> Session: Class initialized using 'CodeIgniter\Session\Handlers\FileHandler' driver.
INFO - 2023-07-14 00:58:34 --> Session: Class initialized using 'CodeIgniter\Session\Handlers\FileHandler' driver.
INFO - 2023-07-14 00:58:36 --> Session: Class initialized using 'CodeIgniter\Session\Handlers\FileHandler' driver.
INFO - 2023-07-14 00:59:06 --> Session: Class initialized using 'CodeIgniter\Session\Handlers\FileHandler' driver.
INFO - 2023-07-14 00:59:07 --> Session: Class initialized using 'CodeIgniter\Session\Handlers\FileHandler' driver.
INFO - 2023-07-14 01:00:00 --> Session: Class initialized using 'CodeIgniter\Session\Handlers\FileHandler' driver.
INFO - 2023-07-14 01:00:39 --> Session: Class initialized using 'CodeIgniter\Session\Handlers\FileHandler' driver.
INFO - 2023-07-14 01:00:57 --> Session: Class initialized using 'CodeIgniter\Session\Handlers\FileHandler' driver.
INFO - 2023-07-14 01:02:07 --> Session: Class initialized using 'CodeIgniter\Session\Handlers\FileHandler' driver.
INFO - 2023-07-14 01:02:08 --> Session: Class initialized using 'CodeIgniter\Session\Handlers\FileHandler' driver.
INFO - 2023-07-14 01:02:10 --> Session: Class initialized using 'CodeIgniter\Session\Handlers\FileHandler' driver.
INFO - 2023-07-14 01:03:27 --> Session: Class initialized using 'CodeIgniter\Session\Handlers\FileHandler' driver.
INFO - 2023-07-14 01:04:13 --> Session: Class initialized using 'CodeIgniter\Session\Handlers\FileHandler' driver.
INFO - 2023-07-14 01:06:03 --> Session: Class initialized using 'CodeIgniter\Session\Handlers\FileHandler' driver.
INFO - 2023-07-14 01:06:08 --> Session: Class initialized using 'CodeIgniter\Session\Handlers\FileHandler' driver.
INFO - 2023-07-14 01:06:10 --> Session: Class initialized using 'CodeIgniter\Session\Handlers\FileHandler' driver.
INFO - 2023-07-14 01:11:31 --> Session: Class initialized using 'CodeIgniter\Session\Handlers\FileHandler' driver.
INFO - 2023-07-14 01:13:12 --> Session: Class initialized using 'CodeIgniter\Session\Handlers\FileHandler' driver.
INFO - 2023-07-14 01:13:13 --> Session: Class initialized using 'CodeIgniter\Session\Handlers\FileHandler' driver.
INFO - 2023-07-14 01:14:24 --> Session: Class initialized using 'CodeIgniter\Session\Handlers\FileHandler' driver.
INFO - 2023-07-14 01:14:39 --> Session: Class initialized using 'CodeIgniter\Session\Handlers\FileHandler' driver.
INFO - 2023-07-14 01:14:40 --> Session: Class initialized using 'CodeIgniter\Session\Handlers\FileHandler' driver.
INFO - 2023-07-14 01:14:43 --> Session: Class initialized using 'CodeIgniter\Session\Handlers\FileHandler' driver.
INFO - 2023-07-14 01:15:13 --> Session: Class initialized using 'CodeIgniter\Session\Handlers\FileHandler' driver.
INFO - 2023-07-14 01:15:18 --> Session: Class initialized using 'CodeIgniter\Session\Handlers\FileHandler' driver.
INFO - 2023-07-14 01:15:44 --> Session: Class initialized using 'CodeIgniter\Session\Handlers\FileHandler' driver.
INFO - 2023-07-14 01:16:44 --> Session: Class initialized using 'CodeIgniter\Session\Handlers\FileHandler' driver.
INFO - 2023-07-14 01:17:04 --> Session: Class initialized using 'CodeIgniter\Session\Handlers\FileHandler' driver.
INFO - 2023-07-14 01:17:37 --> Session: Class initialized using 'CodeIgniter\Session\Handlers\FileHandler' driver.
INFO - 2023-07-14 01:18:45 --> Session: Class initialized using 'CodeIgniter\Session\Handlers\FileHandler' driver.
INFO - 2023-07-14 01:19:52 --> Session: Class initialized using 'CodeIgniter\Session\Handlers\FileHandler' driver.
INFO - 2023-07-14 01:20:44 --> Session: Class initialized using 'CodeIgniter\Session\Handlers\FileHandler' driver.
INFO - 2023-07-14 01:21:18 --> Session: Class initialized using 'CodeIgniter\Session\Handlers\FileHandler' driver.
INFO - 2023-07-14 01:23:36 --> Session: Class initialized using 'CodeIgniter\Session\Handlers\FileHandler' driver.
INFO - 2023-07-14 01:23:39 --> Session: Class initialized using 'CodeIgniter\Session\Handlers\FileHandler' driver.
INFO - 2023-07-14 01:24:33 --> Session: Class initialized using 'CodeIgniter\Session\Handlers\FileHandler' driver.
INFO - 2023-07-14 01:24:53 --> Session: Class initialized using 'CodeIgniter\Session\Handlers\FileHandler' driver.
INFO - 2023-07-14 01:24:53 --> Session: Class initialized using 'CodeIgniter\Session\Handlers\FileHandler' driver.
INFO - 2023-07-14 01:25:20 --> Session: Class initialized using 'CodeIgniter\Session\Handlers\FileHandler' driver.
INFO - 2023-07-14 01:25:21 --> Session: Class initialized using 'CodeIgniter\Session\Handlers\FileHandler' driver.
INFO - 2023-07-14 01:25:58 --> Session: Class initialized using 'CodeIgniter\Session\Handlers\FileHandler' driver.
INFO - 2023-07-14 01:26:17 --> Session: Class initialized using 'CodeIgniter\Session\Handlers\FileHandler' driver.
INFO - 2023-07-14 01:37:18 --> Session: Class initialized using 'CodeIgniter\Session\Handlers\FileHandler' driver.
INFO - 2023-07-14 01:37:24 --> Session: Class initialized using 'CodeIgniter\Session\Handlers\FileHandler' driver.
INFO - 2023-07-14 01:37:56 --> Session: Class initialized using 'CodeIgniter\Session\Handlers\FileHandler' driver.
INFO - 2023-07-14 01:38:08 --> Session: Class initialized using 'CodeIgniter\Session\Handlers\FileHandler' driver.
INFO - 2023-07-14 01:38:11 --> Session: Class initialized using 'CodeIgniter\Session\Handlers\FileHandler' driver.
INFO - 2023-07-14 01:38:19 --> Session: Class initialized using 'CodeIgniter\Session\Handlers\FileHandler' driver.
INFO - 2023-07-14 01:38:37 --> Session: Class initialized using 'CodeIgniter\Session\Handlers\FileHandler' driver.
INFO - 2023-07-14 01:38:38 --> Session: Class initialized using 'CodeIgniter\Session\Handlers\FileHandler' driver.
INFO - 2023-07-14 01:38:47 --> Session: Class initialized using 'CodeIgniter\Session\Handlers\FileHandler' driver.
INFO - 2023-07-14 01:38:47 --> Session: Class initialized using 'CodeIgniter\Session\Handlers\FileHandler' driver.
INFO - 2023-07-14 01:39:09 --> Session: Class initialized using 'CodeIgniter\Session\Handlers\FileHandler' driver.
INFO - 2023-07-14 01:39:18 --> Session: Class initialized using 'CodeIgniter\Session\Handlers\FileHandler' driver.
INFO - 2023-07-14 01:39:21 --> Session: Class initialized using 'CodeIgniter\Session\Handlers\FileHandler' driver.
INFO - 2023-07-14 01:39:27 --> Session: Class initialized using 'CodeIgniter\Session\Handlers\FileHandler' driver.
INFO - 2023-07-14 01:41:40 --> Session: Class initialized using 'CodeIgniter\Session\Handlers\FileHandler' driver.
INFO - 2023-07-14 01:41:42 --> Session: Class initialized using 'CodeIgniter\Session\Handlers\FileHandler' driver.
INFO - 2023-07-14 01:41:42 --> Session: Class initialized using 'CodeIgniter\Session\Handlers\FileHandler' driver.
INFO - 2023-07-14 01:41:43 --> Session: Class initialized using 'CodeIgniter\Session\Handlers\FileHandler' driver.
INFO - 2023-07-14 01:41:43 --> Session: Class initialized using 'CodeIgniter\Session\Handlers\FileHandler' driver.
INFO - 2023-07-14 01:42:48 --> Session: Class initialized using 'CodeIgniter\Session\Handlers\FileHandler' driver.
INFO - 2023-07-14 01:43:06 --> Session: Class initialized using 'CodeIgniter\Session\Handlers\FileHandler' driver.
INFO - 2023-07-14 01:43:21 --> Session: Class initialized using 'CodeIgniter\Session\Handlers\FileHandler' driver.
INFO - 2023-07-14 01:43:46 --> Session: Class initialized using 'CodeIgniter\Session\Handlers\FileHandler' driver.
INFO - 2023-07-14 01:43:56 --> Session: Class initialized using 'CodeIgniter\Session\Handlers\FileHandler' driver.
INFO - 2023-07-14 01:44:34 --> Session: Class initialized using 'CodeIgniter\Session\Handlers\FileHandler' driver.
INFO - 2023-07-14 01:44:48 --> Session: Class initialized using 'CodeIgniter\Session\Handlers\FileHandler' driver.
INFO - 2023-07-14 01:45:02 --> Session: Class initialized using 'CodeIgniter\Session\Handlers\FileHandler' driver.
INFO - 2023-07-14 01:45:12 --> Session: Class initialized using 'CodeIgniter\Session\Handlers\FileHandler' driver.
INFO - 2023-07-14 01:45:18 --> Session: Class initialized using 'CodeIgniter\Session\Handlers\FileHandler' driver.
INFO - 2023-07-14 01:45:32 --> Session: Class initialized using 'CodeIgniter\Session\Handlers\FileHandler' driver.
INFO - 2023-07-14 01:45:32 --> Session: Class initialized using 'CodeIgniter\Session\Handlers\FileHandler' driver.
INFO - 2023-07-14 01:45:42 --> Session: Class initialized using 'CodeIgniter\Session\Handlers\FileHandler' driver.
INFO - 2023-07-14 01:45:42 --> Session: Class initialized using 'CodeIgniter\Session\Handlers\FileHandler' driver.
INFO - 2023-07-14 01:45:48 --> Session: Class initialized using 'CodeIgniter\Session\Handlers\FileHandler' driver.
INFO - 2023-07-14 01:45:55 --> Session: Class initialized using 'CodeIgniter\Session\Handlers\FileHandler' driver.
INFO - 2023-07-14 01:46:17 --> Session: Class initialized using 'CodeIgniter\Session\Handlers\FileHandler' driver.
INFO - 2023-07-14 01:46:32 --> Session: Class initialized using 'CodeIgniter\Session\Handlers\FileHandler' driver.
INFO - 2023-07-14 01:46:37 --> Session: Class initialized using 'CodeIgniter\Session\Handlers\FileHandler' driver.
INFO - 2023-07-14 01:46:41 --> Session: Class initialized using 'CodeIgniter\Session\Handlers\FileHandler' driver.
INFO - 2023-07-14 01:46:43 --> Session: Class initialized using 'CodeIgniter\Session\Handlers\FileHandler' driver.
INFO - 2023-07-14 01:46:44 --> Session: Class initialized using 'CodeIgniter\Session\Handlers\FileHandler' driver.
INFO - 2023-07-14 01:46:47 --> Session: Class initialized using 'CodeIgniter\Session\Handlers\FileHandler' driver.
INFO - 2023-07-14 01:47:05 --> Session: Class initialized using 'CodeIgniter\Session\Handlers\FileHandler' driver.
INFO - 2023-07-14 01:47:22 --> Session: Class initialized using 'CodeIgniter\Session\Handlers\FileHandler' driver.
INFO - 2023-07-14 01:47:23 --> Session: Class initialized using 'CodeIgniter\Session\Handlers\FileHandler' driver.
INFO - 2023-07-14 01:47:28 --> Session: Class initialized using 'CodeIgniter\Session\Handlers\FileHandler' driver.
INFO - 2023-07-14 01:48:03 --> Session: Class initialized using 'CodeIgniter\Session\Handlers\FileHandler' driver.
INFO - 2023-07-14 01:48:05 --> Session: Class initialized using 'CodeIgniter\Session\Handlers\FileHandler' driver.
INFO - 2023-07-14 01:48:06 --> Session: Class initialized using 'CodeIgniter\Session\Handlers\FileHandler' driver.
INFO - 2023-07-14 01:48:06 --> Session: Class initialized using 'CodeIgniter\Session\Handlers\FileHandler' driver.
INFO - 2023-07-14 01:48:52 --> Session: Class initialized using 'CodeIgniter\Session\Handlers\FileHandler' driver.
INFO - 2023-07-14 01:48:58 --> Session: Class initialized using 'CodeIgniter\Session\Handlers\FileHandler' driver.
INFO - 2023-07-14 01:49:09 --> Session: Class initialized using 'CodeIgniter\Session\Handlers\FileHandler' driver.
INFO - 2023-07-14 01:49:12 --> Session: Class initialized using 'CodeIgniter\Session\Handlers\FileHandler' driver.
INFO - 2023-07-14 01:49:12 --> Session: Class initialized using 'CodeIgniter\Session\Handlers\FileHandler' driver.
INFO - 2023-07-14 01:49:13 --> Session: Class initialized using 'CodeIgniter\Session\Handlers\FileHandler' driver.
INFO - 2023-07-14 01:49:13 --> Session: Class initialized using 'CodeIgniter\Session\Handlers\FileHandler' driver.
INFO - 2023-07-14 01:49:17 --> Session: Class initialized using 'CodeIgniter\Session\Handlers\FileHandler' driver.
INFO - 2023-07-14 01:49:18 --> Session: Class initialized using 'CodeIgniter\Session\Handlers\FileHandler' driver.
INFO - 2023-07-14 01:49:18 --> Session: Class initialized using 'CodeIgniter\Session\Handlers\FileHandler' driver.
INFO - 2023-07-14 01:49:19 --> Session: Class initialized using 'CodeIgniter\Session\Handlers\FileHandler' driver.
INFO - 2023-07-14 01:49:20 --> Session: Class initialized using 'CodeIgniter\Session\Handlers\FileHandler' driver.
INFO - 2023-07-14 01:49:45 --> Session: Class initialized using 'CodeIgniter\Session\Handlers\FileHandler' driver.
INFO - 2023-07-14 01:49:58 --> Session: Class initialized using 'CodeIgniter\Session\Handlers\FileHandler' driver.
INFO - 2023-07-14 04:16:47 --> Session: Class initialized using 'CodeIgniter\Session\Handlers\FileHandler' driver.
INFO - 2023-07-14 06:26:14 --> Session: Class initialized using 'CodeIgniter\Session\Handlers\FileHandler' driver.
INFO - 2023-07-14 06:26:15 --> Session: Class initialized using 'CodeIgniter\Session\Handlers\FileHandler' driver.
CRITICAL - 2023-07-14 06:26:15 --> Undefined array key "Nome"
in APPPATH\Views\view_perfilEquipe.php on line 40.
 1 APPPATH\Views\view_perfilEquipe.php(40): CodeIgniter\Debug\Exceptions->errorHandler(2, 'Undefined array key "Nome"', 'C:\\xampp\\htdocs\\ColaboraHub\\app\\Views\\view_perfilEquipe.php', 40)
 2 SYSTEMPATH\View\View.php(213): include('C:\\xampp\\htdocs\\ColaboraHub\\app\\Views\\view_perfilEquipe.php')
 3 SYSTEMPATH\View\View.php(216): CodeIgniter\View\View->CodeIgniter\View\{closure}()
 4 SYSTEMPATH\Common.php(1184): CodeIgniter\View\View->render('view_perfilEquipe', [], true)
 5 APPPATH\Controllers\controller_equipe.php(147): view('view_perfilEquipe', [...])
 6 SYSTEMPATH\CodeIgniter.php(934): App\Controllers\controller_equipe->perfil()
 7 SYSTEMPATH\CodeIgniter.php(499): CodeIgniter\CodeIgniter->runController(Object(App\Controllers\controller_equipe))
 8 SYSTEMPATH\CodeIgniter.php(368): CodeIgniter\CodeIgniter->handleRequest(null, Object(Config\Cache), false)
 9 FCPATH\index.php(67): CodeIgniter\CodeIgniter->run()
INFO - 2023-07-14 06:26:20 --> Session: Class initialized using 'CodeIgniter\Session\Handlers\FileHandler' driver.
INFO - 2023-07-14 06:26:28 --> Session: Class initialized using 'CodeIgniter\Session\Handlers\FileHandler' driver.
INFO - 2023-07-14 06:26:28 --> Session: Class initialized using 'CodeIgniter\Session\Handlers\FileHandler' driver.
INFO - 2023-07-14 06:26:31 --> Session: Class initialized using 'CodeIgniter\Session\Handlers\FileHandler' driver.
INFO - 2023-07-14 06:26:37 --> Session: Class initialized using 'CodeIgniter\Session\Handlers\FileHandler' driver.
INFO - 2023-07-14 06:26:41 --> Session: Class initialized using 'CodeIgniter\Session\Handlers\FileHandler' driver.
INFO - 2023-07-14 06:26:43 --> Session: Class initialized using 'CodeIgniter\Session\Handlers\FileHandler' driver.
INFO - 2023-07-14 06:26:48 --> Session: Class initialized using 'CodeIgniter\Session\Handlers\FileHandler' driver.
INFO - 2023-07-14 06:27:16 --> Session: Class initialized using 'CodeIgniter\Session\Handlers\FileHandler' driver.
INFO - 2023-07-14 06:27:57 --> Session: Class initialized using 'CodeIgniter\Session\Handlers\FileHandler' driver.
INFO - 2023-07-14 06:29:42 --> Session: Class initialized using 'CodeIgniter\Session\Handlers\FileHandler' driver.
INFO - 2023-07-14 06:29:45 --> Session: Class initialized using 'CodeIgniter\Session\Handlers\FileHandler' driver.
CRITICAL - 2023-07-14 06:29:45 --> Call to undefined method App\Models\model_partida::getPartidasAtivasUsuario
in SYSTEMPATH\Model.php on line 842.
 1 APPPATH\Controllers\controller_partida.php(212): CodeIgniter\Model->__call('getPartidasAtivasUsuario', [...])
 2 SYSTEMPATH\CodeIgniter.php(934): App\Controllers\controller_partida->minhasPartidas()
 3 SYSTEMPATH\CodeIgniter.php(499): CodeIgniter\CodeIgniter->runController(Object(App\Controllers\controller_partida))
 4 SYSTEMPATH\CodeIgniter.php(368): CodeIgniter\CodeIgniter->handleRequest(null, Object(Config\Cache), false)
 5 FCPATH\index.php(67): CodeIgniter\CodeIgniter->run()
INFO - 2023-07-14 06:30:50 --> Session: Class initialized using 'CodeIgniter\Session\Handlers\FileHandler' driver.
ERROR - 2023-07-14 06:30:50 --> mysqli_sql_exception: Unknown column 'a.Id_Usuario' in 'where clause' in C:\xampp\htdocs\ColaboraHub\system\Database\MySQLi\Connection.php:295
Stack trace:
#0 C:\xampp\htdocs\ColaboraHub\system\Database\MySQLi\Connection.php(295): mysqli->query('SELECT `p`.*\nFR...', 0)
#1 C:\xampp\htdocs\ColaboraHub\system\Database\BaseConnection.php(691): CodeIgniter\Database\MySQLi\Connection->execute('SELECT `p`.*\nFR...')
#2 C:\xampp\htdocs\ColaboraHub\system\Database\BaseConnection.php(605): CodeIgniter\Database\BaseConnection->simpleQuery('SELECT `p`.*\nFR...')
#3 C:\xampp\htdocs\ColaboraHub\system\Database\BaseBuilder.php(1616): CodeIgniter\Database\BaseConnection->query('SELECT `p`.*\nFR...', Array, false)
#4 C:\xampp\htdocs\ColaboraHub\app\Models\model_partida.php(41): CodeIgniter\Database\BaseBuilder->get()
#5 C:\xampp\htdocs\ColaboraHub\app\Controllers\controller_partida.php(212): App\Models\model_partida->getPartidasAtivasUsuario('1')
#6 C:\xampp\htdocs\ColaboraHub\system\CodeIgniter.php(934): App\Controllers\controller_partida->minhasPartidas()
#7 C:\xampp\htdocs\ColaboraHub\system\CodeIgniter.php(499): CodeIgniter\CodeIgniter->runController(Object(App\Controllers\controller_partida))
#8 C:\xampp\htdocs\ColaboraHub\system\CodeIgniter.php(368): CodeIgniter\CodeIgniter->handleRequest(NULL, Object(Config\Cache), false)
#9 C:\xampp\htdocs\ColaboraHub\public\index.php(67): CodeIgniter\CodeIgniter->run()
#10 {main}
CRITICAL - 2023-07-14 06:30:50 --> Unknown column 'a.Id_Usuario' in 'where clause'
in SYSTEMPATH\Database\MySQLi\Connection.php on line 295.
 1 SYSTEMPATH\Database\MySQLi\Connection.php(295): mysqli->query('SELECT `p`.*
FROM `tbl_partida` as `p`
JOIN `tbl_agenda` as `a` ON `a`.`Id_Partida` = `p`.`Id_Partida`
WHERE `a`.`Id_Usuario` = \'1\'
AND `p`.`Qntd_Jogadores` < 5
AND `p`.`Status` = 1', 0)
 2 SYSTEMPATH\Database\BaseConnection.php(691): CodeIgniter\Database\MySQLi\Connection->execute('SELECT `p`.*
FROM `tbl_partida` as `p`
JOIN `tbl_agenda` as `a` ON `a`.`Id_Partida` = `p`.`Id_Partida`
WHERE `a`.`Id_Usuario` = \'1\'
AND `p`.`Qntd_Jogadores` < 5
AND `p`.`Status` = 1')
 3 SYSTEMPATH\Database\BaseConnection.php(605): CodeIgniter\Database\BaseConnection->simpleQuery('SELECT `p`.*
FROM `tbl_partida` as `p`
JOIN `tbl_agenda` as `a` ON `a`.`Id_Partida` = `p`.`Id_Partida`
WHERE `a`.`Id_Usuario` = \'1\'
AND `p`.`Qntd_Jogadores` < 5
AND `p`.`Status` = 1')
 4 SYSTEMPATH\Database\BaseBuilder.php(1616): CodeIgniter\Database\BaseConnection->query('SELECT `p`.*
FROM `tbl_partida` as `p`
JOIN `tbl_agenda` as `a` ON `a`.`Id_Partida` = `p`.`Id_Partida`
WHERE `a`.`Id_Usuario` = :a.Id_Usuario:
AND `p`.`Qntd_Jogadores` < :p.Qntd_Jogadores:
AND `p`.`Status` = :p.Status:', [...], false)
 5 APPPATH\Models\model_partida.php(41): CodeIgniter\Database\BaseBuilder->get()
 6 APPPATH\Controllers\controller_partida.php(212): App\Models\model_partida->getPartidasAtivasUsuario('1')
 7 SYSTEMPATH\CodeIgniter.php(934): App\Controllers\controller_partida->minhasPartidas()
 8 SYSTEMPATH\CodeIgniter.php(499): CodeIgniter\CodeIgniter->runController(Object(App\Controllers\controller_partida))
 9 SYSTEMPATH\CodeIgniter.php(368): CodeIgniter\CodeIgniter->handleRequest(null, Object(Config\Cache), false)
10 FCPATH\index.php(67): CodeIgniter\CodeIgniter->run()
INFO - 2023-07-14 06:30:51 --> Session: Class initialized using 'CodeIgniter\Session\Handlers\FileHandler' driver.
ERROR - 2023-07-14 06:30:51 --> mysqli_sql_exception: Unknown column 'a.Id_Usuario' in 'where clause' in C:\xampp\htdocs\ColaboraHub\system\Database\MySQLi\Connection.php:295
Stack trace:
#0 C:\xampp\htdocs\ColaboraHub\system\Database\MySQLi\Connection.php(295): mysqli->query('SELECT `p`.*\nFR...', 0)
#1 C:\xampp\htdocs\ColaboraHub\system\Database\BaseConnection.php(691): CodeIgniter\Database\MySQLi\Connection->execute('SELECT `p`.*\nFR...')
#2 C:\xampp\htdocs\ColaboraHub\system\Database\BaseConnection.php(605): CodeIgniter\Database\BaseConnection->simpleQuery('SELECT `p`.*\nFR...')
#3 C:\xampp\htdocs\ColaboraHub\system\Database\BaseBuilder.php(1616): CodeIgniter\Database\BaseConnection->query('SELECT `p`.*\nFR...', Array, false)
#4 C:\xampp\htdocs\ColaboraHub\app\Models\model_partida.php(41): CodeIgniter\Database\BaseBuilder->get()
#5 C:\xampp\htdocs\ColaboraHub\app\Controllers\controller_partida.php(212): App\Models\model_partida->getPartidasAtivasUsuario('1')
#6 C:\xampp\htdocs\ColaboraHub\system\CodeIgniter.php(934): App\Controllers\controller_partida->minhasPartidas()
#7 C:\xampp\htdocs\ColaboraHub\system\CodeIgniter.php(499): CodeIgniter\CodeIgniter->runController(Object(App\Controllers\controller_partida))
#8 C:\xampp\htdocs\ColaboraHub\system\CodeIgniter.php(368): CodeIgniter\CodeIgniter->handleRequest(NULL, Object(Config\Cache), false)
#9 C:\xampp\htdocs\ColaboraHub\public\index.php(67): CodeIgniter\CodeIgniter->run()
#10 {main}
CRITICAL - 2023-07-14 06:30:51 --> Unknown column 'a.Id_Usuario' in 'where clause'
in SYSTEMPATH\Database\MySQLi\Connection.php on line 295.
 1 SYSTEMPATH\Database\MySQLi\Connection.php(295): mysqli->query('SELECT `p`.*
FROM `tbl_partida` as `p`
JOIN `tbl_agenda` as `a` ON `a`.`Id_Partida` = `p`.`Id_Partida`
WHERE `a`.`Id_Usuario` = \'1\'
AND `p`.`Qntd_Jogadores` < 5
AND `p`.`Status` = 1', 0)
 2 SYSTEMPATH\Database\BaseConnection.php(691): CodeIgniter\Database\MySQLi\Connection->execute('SELECT `p`.*
FROM `tbl_partida` as `p`
JOIN `tbl_agenda` as `a` ON `a`.`Id_Partida` = `p`.`Id_Partida`
WHERE `a`.`Id_Usuario` = \'1\'
AND `p`.`Qntd_Jogadores` < 5
AND `p`.`Status` = 1')
 3 SYSTEMPATH\Database\BaseConnection.php(605): CodeIgniter\Database\BaseConnection->simpleQuery('SELECT `p`.*
FROM `tbl_partida` as `p`
JOIN `tbl_agenda` as `a` ON `a`.`Id_Partida` = `p`.`Id_Partida`
WHERE `a`.`Id_Usuario` = \'1\'
AND `p`.`Qntd_Jogadores` < 5
AND `p`.`Status` = 1')
 4 SYSTEMPATH\Database\BaseBuilder.php(1616): CodeIgniter\Database\BaseConnection->query('SELECT `p`.*
FROM `tbl_partida` as `p`
JOIN `tbl_agenda` as `a` ON `a`.`Id_Partida` = `p`.`Id_Partida`
WHERE `a`.`Id_Usuario` = :a.Id_Usuario:
AND `p`.`Qntd_Jogadores` < :p.Qntd_Jogadores:
AND `p`.`Status` = :p.Status:', [...], false)
 5 APPPATH\Models\model_partida.php(41): CodeIgniter\Database\BaseBuilder->get()
 6 APPPATH\Controllers\controller_partida.php(212): App\Models\model_partida->getPartidasAtivasUsuario('1')
 7 SYSTEMPATH\CodeIgniter.php(934): App\Controllers\controller_partida->minhasPartidas()
 8 SYSTEMPATH\CodeIgniter.php(499): CodeIgniter\CodeIgniter->runController(Object(App\Controllers\controller_partida))
 9 SYSTEMPATH\CodeIgniter.php(368): CodeIgniter\CodeIgniter->handleRequest(null, Object(Config\Cache), false)
10 FCPATH\index.php(67): CodeIgniter\CodeIgniter->run()
INFO - 2023-07-14 06:32:48 --> Session: Class initialized using 'CodeIgniter\Session\Handlers\FileHandler' driver.
ERROR - 2023-07-14 06:32:48 --> mysqli_sql_exception: You have an error in your SQL syntax; check the manual that corresponds to your MariaDB server version for the right syntax to use near ':loginUsuario OR `a`.`Player_2` = :loginUsuario OR `a`.`Player_3` = :loginUsu...' at line 6 in C:\xampp\htdocs\ColaboraHub\system\Database\MySQLi\Connection.php:295
Stack trace:
#0 C:\xampp\htdocs\ColaboraHub\system\Database\MySQLi\Connection.php(295): mysqli->query('SELECT `p`.*\nFR...', 0)
#1 C:\xampp\htdocs\ColaboraHub\system\Database\BaseConnection.php(691): CodeIgniter\Database\MySQLi\Connection->execute('SELECT `p`.*\nFR...')
#2 C:\xampp\htdocs\ColaboraHub\system\Database\BaseConnection.php(605): CodeIgniter\Database\BaseConnection->simpleQuery('SELECT `p`.*\nFR...')
#3 C:\xampp\htdocs\ColaboraHub\system\Database\BaseBuilder.php(1616): CodeIgniter\Database\BaseConnection->query('SELECT `p`.*\nFR...', Array, false)
#4 C:\xampp\htdocs\ColaboraHub\app\Models\model_partida.php(41): CodeIgniter\Database\BaseBuilder->get()
#5 C:\xampp\htdocs\ColaboraHub\app\Controllers\controller_partida.php(212): App\Models\model_partida->getPartidasAtivasUsuario('1')
#6 C:\xampp\htdocs\ColaboraHub\system\CodeIgniter.php(934): App\Controllers\controller_partida->minhasPartidas()
#7 C:\xampp\htdocs\ColaboraHub\system\CodeIgniter.php(499): CodeIgniter\CodeIgniter->runController(Object(App\Controllers\controller_partida))
#8 C:\xampp\htdocs\ColaboraHub\system\CodeIgniter.php(368): CodeIgniter\CodeIgniter->handleRequest(NULL, Object(Config\Cache), false)
#9 C:\xampp\htdocs\ColaboraHub\public\index.php(67): CodeIgniter\CodeIgniter->run()
#10 {main}
CRITICAL - 2023-07-14 06:32:48 --> You have an error in your SQL syntax; check the manual that corresponds to your MariaDB server version for the right syntax to use near ':loginUsuario OR `a`.`Player_2` = :loginUsuario OR `a`.`Player_3` = :loginUsu...' at line 6
in SYSTEMPATH\Database\MySQLi\Connection.php on line 295.
 1 SYSTEMPATH\Database\MySQLi\Connection.php(295): mysqli->query('SELECT `p`.*
FROM `tbl_partida` as `p`
JOIN `tbl_agenda` as `a` ON `a`.`Id_Partida` = `p`.`Id_Partida`
WHERE `p`.`Qntd_Jogadores` < 5
AND `p`.`Status` = 1
AND (`a`.`Player_1` = :loginUsuario OR `a`.`Player_2` = :loginUsuario OR `a`.`Player_3` = :loginUsuario OR `a`.`Player_4` = :loginUsuario OR a.Player_5 = :loginUsuario) :(a.Player_1 = :loginUsuario OR `a`.`Player_2` = :loginUsuario OR `a`.`Player_3` = :loginUsuario OR `a`.`Player_4` = :loginUsuario OR `a`.`Player_5` = :loginUsuario):', 0)
 2 SYSTEMPATH\Database\BaseConnection.php(691): CodeIgniter\Database\MySQLi\Connection->execute('SELECT `p`.*
FROM `tbl_partida` as `p`
JOIN `tbl_agenda` as `a` ON `a`.`Id_Partida` = `p`.`Id_Partida`
WHERE `p`.`Qntd_Jogadores` < 5
AND `p`.`Status` = 1
AND (`a`.`Player_1` = :loginUsuario OR `a`.`Player_2` = :loginUsuario OR `a`.`Player_3` = :loginUsuario OR `a`.`Player_4` = :loginUsuario OR a.Player_5 = :loginUsuario) :(a.Player_1 = :loginUsuario OR `a`.`Player_2` = :loginUsuario OR `a`.`Player_3` = :loginUsuario OR `a`.`Player_4` = :loginUsuario OR `a`.`Player_5` = :loginUsuario):')
 3 SYSTEMPATH\Database\BaseConnection.php(605): CodeIgniter\Database\BaseConnection->simpleQuery('SELECT `p`.*
FROM `tbl_partida` as `p`
JOIN `tbl_agenda` as `a` ON `a`.`Id_Partida` = `p`.`Id_Partida`
WHERE `p`.`Qntd_Jogadores` < 5
AND `p`.`Status` = 1
AND (`a`.`Player_1` = :loginUsuario OR `a`.`Player_2` = :loginUsuario OR `a`.`Player_3` = :loginUsuario OR `a`.`Player_4` = :loginUsuario OR a.Player_5 = :loginUsuario) :(a.Player_1 = :loginUsuario OR `a`.`Player_2` = :loginUsuario OR `a`.`Player_3` = :loginUsuario OR `a`.`Player_4` = :loginUsuario OR `a`.`Player_5` = :loginUsuario):')
 4 SYSTEMPATH\Database\BaseBuilder.php(1616): CodeIgniter\Database\BaseConnection->query('SELECT `p`.*
FROM `tbl_partida` as `p`
JOIN `tbl_agenda` as `a` ON `a`.`Id_Partida` = `p`.`Id_Partida`
WHERE `p`.`Qntd_Jogadores` < :p.Qntd_Jogadores:
AND `p`.`Status` = :p.Status:
AND (`a`.`Player_1` = :loginUsuario OR `a`.`Player_2` = :loginUsuario OR `a`.`Player_3` = :loginUsuario OR `a`.`Player_4` = :loginUsuario OR a.Player_5 = :loginUsuario) :(a.Player_1 = :loginUsuario OR `a`.`Player_2` = :loginUsuario OR `a`.`Player_3` = :loginUsuario OR `a`.`Player_4` = :loginUsuario OR `a`.`Player_5` = :loginUsuario):', [...], false)
 5 APPPATH\Models\model_partida.php(41): CodeIgniter\Database\BaseBuilder->get()
 6 APPPATH\Controllers\controller_partida.php(212): App\Models\model_partida->getPartidasAtivasUsuario('1')
 7 SYSTEMPATH\CodeIgniter.php(934): App\Controllers\controller_partida->minhasPartidas()
 8 SYSTEMPATH\CodeIgniter.php(499): CodeIgniter\CodeIgniter->runController(Object(App\Controllers\controller_partida))
 9 SYSTEMPATH\CodeIgniter.php(368): CodeIgniter\CodeIgniter->handleRequest(null, Object(Config\Cache), false)
10 FCPATH\index.php(67): CodeIgniter\CodeIgniter->run()
INFO - 2023-07-14 06:33:22 --> Session: Class initialized using 'CodeIgniter\Session\Handlers\FileHandler' driver.
ERROR - 2023-07-14 06:33:22 --> mysqli_sql_exception: You have an error in your SQL syntax; check the manual that corresponds to your MariaDB server version for the right syntax to use near ':loginUsuario
                 OR a.Player_2 = :loginUsuario
              ...' at line 5 in C:\xampp\htdocs\ColaboraHub\system\Database\MySQLi\Connection.php:295
Stack trace:
#0 C:\xampp\htdocs\ColaboraHub\system\Database\MySQLi\Connection.php(295): mysqli->query('SELECT p.* FROM...', 0)
#1 C:\xampp\htdocs\ColaboraHub\system\Database\BaseConnection.php(691): CodeIgniter\Database\MySQLi\Connection->execute('SELECT p.* FROM...')
#2 C:\xampp\htdocs\ColaboraHub\system\Database\BaseConnection.php(605): CodeIgniter\Database\BaseConnection->simpleQuery('SELECT p.* FROM...')
#3 C:\xampp\htdocs\ColaboraHub\app\Models\model_partida.php(45): CodeIgniter\Database\BaseConnection->query('SELECT p.* FROM...', Array)
#4 C:\xampp\htdocs\ColaboraHub\app\Controllers\controller_partida.php(212): App\Models\model_partida->getPartidasAtivasUsuario('1')
#5 C:\xampp\htdocs\ColaboraHub\system\CodeIgniter.php(934): App\Controllers\controller_partida->minhasPartidas()
#6 C:\xampp\htdocs\ColaboraHub\system\CodeIgniter.php(499): CodeIgniter\CodeIgniter->runController(Object(App\Controllers\controller_partida))
#7 C:\xampp\htdocs\ColaboraHub\system\CodeIgniter.php(368): CodeIgniter\CodeIgniter->handleRequest(NULL, Object(Config\Cache), false)
#8 C:\xampp\htdocs\ColaboraHub\public\index.php(67): CodeIgniter\CodeIgniter->run()
#9 {main}
CRITICAL - 2023-07-14 06:33:22 --> You have an error in your SQL syntax; check the manual that corresponds to your MariaDB server version for the right syntax to use near ':loginUsuario
                 OR a.Player_2 = :loginUsuario
              ...' at line 5
in SYSTEMPATH\Database\MySQLi\Connection.php on line 295.
 1 SYSTEMPATH\Database\MySQLi\Connection.php(295): mysqli->query('SELECT p.* FROM tbl_partida as p
            INNER JOIN tbl_agenda as a ON a.Id_Partida = p.Id_Partida
            WHERE p.Qntd_Jogadores < 5
            AND p.Status = 1
            AND (a.Player_1 = :loginUsuario
                 OR a.Player_2 = :loginUsuario
                 OR a.Player_3 = :loginUsuario
                 OR a.Player_4 = :loginUsuario
                 OR a.Player_5 = :loginUsuario)', 0)
 2 SYSTEMPATH\Database\BaseConnection.php(691): CodeIgniter\Database\MySQLi\Connection->execute('SELECT p.* FROM tbl_partida as p
            INNER JOIN tbl_agenda as a ON a.Id_Partida = p.Id_Partida
            WHERE p.Qntd_Jogadores < 5
            AND p.Status = 1
            AND (a.Player_1 = :loginUsuario
                 OR a.Player_2 = :loginUsuario
                 OR a.Player_3 = :loginUsuario
                 OR a.Player_4 = :loginUsuario
                 OR a.Player_5 = :loginUsuario)')
 3 SYSTEMPATH\Database\BaseConnection.php(605): CodeIgniter\Database\BaseConnection->simpleQuery('SELECT p.* FROM tbl_partida as p
            INNER JOIN tbl_agenda as a ON a.Id_Partida = p.Id_Partida
            WHERE p.Qntd_Jogadores < 5
            AND p.Status = 1
            AND (a.Player_1 = :loginUsuario
                 OR a.Player_2 = :loginUsuario
                 OR a.Player_3 = :loginUsuario
                 OR a.Player_4 = :loginUsuario
                 OR a.Player_5 = :loginUsuario)')
 4 APPPATH\Models\model_partida.php(45): CodeIgniter\Database\BaseConnection->query('SELECT p.* FROM tbl_partida as p
            INNER JOIN tbl_agenda as a ON a.Id_Partida = p.Id_Partida
            WHERE p.Qntd_Jogadores < 5
            AND p.Status = 1
            AND (a.Player_1 = :loginUsuario
                 OR a.Player_2 = :loginUsuario
                 OR a.Player_3 = :loginUsuario
                 OR a.Player_4 = :loginUsuario
                 OR a.Player_5 = :loginUsuario)', [...])
 5 APPPATH\Controllers\controller_partida.php(212): App\Models\model_partida->getPartidasAtivasUsuario('1')
 6 SYSTEMPATH\CodeIgniter.php(934): App\Controllers\controller_partida->minhasPartidas()
 7 SYSTEMPATH\CodeIgniter.php(499): CodeIgniter\CodeIgniter->runController(Object(App\Controllers\controller_partida))
 8 SYSTEMPATH\CodeIgniter.php(368): CodeIgniter\CodeIgniter->handleRequest(null, Object(Config\Cache), false)
 9 FCPATH\index.php(67): CodeIgniter\CodeIgniter->run()
INFO - 2023-07-14 06:33:22 --> Session: Class initialized using 'CodeIgniter\Session\Handlers\FileHandler' driver.
ERROR - 2023-07-14 06:33:22 --> mysqli_sql_exception: You have an error in your SQL syntax; check the manual that corresponds to your MariaDB server version for the right syntax to use near ':loginUsuario
                 OR a.Player_2 = :loginUsuario
              ...' at line 5 in C:\xampp\htdocs\ColaboraHub\system\Database\MySQLi\Connection.php:295
Stack trace:
#0 C:\xampp\htdocs\ColaboraHub\system\Database\MySQLi\Connection.php(295): mysqli->query('SELECT p.* FROM...', 0)
#1 C:\xampp\htdocs\ColaboraHub\system\Database\BaseConnection.php(691): CodeIgniter\Database\MySQLi\Connection->execute('SELECT p.* FROM...')
#2 C:\xampp\htdocs\ColaboraHub\system\Database\BaseConnection.php(605): CodeIgniter\Database\BaseConnection->simpleQuery('SELECT p.* FROM...')
#3 C:\xampp\htdocs\ColaboraHub\app\Models\model_partida.php(45): CodeIgniter\Database\BaseConnection->query('SELECT p.* FROM...', Array)
#4 C:\xampp\htdocs\ColaboraHub\app\Controllers\controller_partida.php(212): App\Models\model_partida->getPartidasAtivasUsuario('1')
#5 C:\xampp\htdocs\ColaboraHub\system\CodeIgniter.php(934): App\Controllers\controller_partida->minhasPartidas()
#6 C:\xampp\htdocs\ColaboraHub\system\CodeIgniter.php(499): CodeIgniter\CodeIgniter->runController(Object(App\Controllers\controller_partida))
#7 C:\xampp\htdocs\ColaboraHub\system\CodeIgniter.php(368): CodeIgniter\CodeIgniter->handleRequest(NULL, Object(Config\Cache), false)
#8 C:\xampp\htdocs\ColaboraHub\public\index.php(67): CodeIgniter\CodeIgniter->run()
#9 {main}
CRITICAL - 2023-07-14 06:33:22 --> You have an error in your SQL syntax; check the manual that corresponds to your MariaDB server version for the right syntax to use near ':loginUsuario
                 OR a.Player_2 = :loginUsuario
              ...' at line 5
in SYSTEMPATH\Database\MySQLi\Connection.php on line 295.
 1 SYSTEMPATH\Database\MySQLi\Connection.php(295): mysqli->query('SELECT p.* FROM tbl_partida as p
            INNER JOIN tbl_agenda as a ON a.Id_Partida = p.Id_Partida
            WHERE p.Qntd_Jogadores < 5
            AND p.Status = 1
            AND (a.Player_1 = :loginUsuario
                 OR a.Player_2 = :loginUsuario
                 OR a.Player_3 = :loginUsuario
                 OR a.Player_4 = :loginUsuario
                 OR a.Player_5 = :loginUsuario)', 0)
 2 SYSTEMPATH\Database\BaseConnection.php(691): CodeIgniter\Database\MySQLi\Connection->execute('SELECT p.* FROM tbl_partida as p
            INNER JOIN tbl_agenda as a ON a.Id_Partida = p.Id_Partida
            WHERE p.Qntd_Jogadores < 5
            AND p.Status = 1
            AND (a.Player_1 = :loginUsuario
                 OR a.Player_2 = :loginUsuario
                 OR a.Player_3 = :loginUsuario
                 OR a.Player_4 = :loginUsuario
                 OR a.Player_5 = :loginUsuario)')
 3 SYSTEMPATH\Database\BaseConnection.php(605): CodeIgniter\Database\BaseConnection->simpleQuery('SELECT p.* FROM tbl_partida as p
            INNER JOIN tbl_agenda as a ON a.Id_Partida = p.Id_Partida
            WHERE p.Qntd_Jogadores < 5
            AND p.Status = 1
            AND (a.Player_1 = :loginUsuario
                 OR a.Player_2 = :loginUsuario
                 OR a.Player_3 = :loginUsuario
                 OR a.Player_4 = :loginUsuario
                 OR a.Player_5 = :loginUsuario)')
 4 APPPATH\Models\model_partida.php(45): CodeIgniter\Database\BaseConnection->query('SELECT p.* FROM tbl_partida as p
            INNER JOIN tbl_agenda as a ON a.Id_Partida = p.Id_Partida
            WHERE p.Qntd_Jogadores < 5
            AND p.Status = 1
            AND (a.Player_1 = :loginUsuario
                 OR a.Player_2 = :loginUsuario
                 OR a.Player_3 = :loginUsuario
                 OR a.Player_4 = :loginUsuario
                 OR a.Player_5 = :loginUsuario)', [...])
 5 APPPATH\Controllers\controller_partida.php(212): App\Models\model_partida->getPartidasAtivasUsuario('1')
 6 SYSTEMPATH\CodeIgniter.php(934): App\Controllers\controller_partida->minhasPartidas()
 7 SYSTEMPATH\CodeIgniter.php(499): CodeIgniter\CodeIgniter->runController(Object(App\Controllers\controller_partida))
 8 SYSTEMPATH\CodeIgniter.php(368): CodeIgniter\CodeIgniter->handleRequest(null, Object(Config\Cache), false)
 9 FCPATH\index.php(67): CodeIgniter\CodeIgniter->run()
INFO - 2023-07-14 06:34:04 --> Session: Class initialized using 'CodeIgniter\Session\Handlers\FileHandler' driver.
ERROR - 2023-07-14 06:34:04 --> mysqli_sql_exception: Unknown column 'p.Status' in 'where clause' in C:\xampp\htdocs\ColaboraHub\system\Database\MySQLi\Connection.php:295
Stack trace:
#0 C:\xampp\htdocs\ColaboraHub\system\Database\MySQLi\Connection.php(295): mysqli->query('SELECT p.* FROM...', 0)
#1 C:\xampp\htdocs\ColaboraHub\system\Database\BaseConnection.php(691): CodeIgniter\Database\MySQLi\Connection->execute('SELECT p.* FROM...')
#2 C:\xampp\htdocs\ColaboraHub\system\Database\BaseConnection.php(605): CodeIgniter\Database\BaseConnection->simpleQuery('SELECT p.* FROM...')
#3 C:\xampp\htdocs\ColaboraHub\app\Models\model_partida.php(45): CodeIgniter\Database\BaseConnection->query('SELECT p.* FROM...')
#4 C:\xampp\htdocs\ColaboraHub\app\Controllers\controller_partida.php(212): App\Models\model_partida->getPartidasAtivasUsuario('1')
#5 C:\xampp\htdocs\ColaboraHub\system\CodeIgniter.php(934): App\Controllers\controller_partida->minhasPartidas()
#6 C:\xampp\htdocs\ColaboraHub\system\CodeIgniter.php(499): CodeIgniter\CodeIgniter->runController(Object(App\Controllers\controller_partida))
#7 C:\xampp\htdocs\ColaboraHub\system\CodeIgniter.php(368): CodeIgniter\CodeIgniter->handleRequest(NULL, Object(Config\Cache), false)
#8 C:\xampp\htdocs\ColaboraHub\public\index.php(67): CodeIgniter\CodeIgniter->run()
#9 {main}
CRITICAL - 2023-07-14 06:34:04 --> Unknown column 'p.Status' in 'where clause'
in SYSTEMPATH\Database\MySQLi\Connection.php on line 295.
 1 SYSTEMPATH\Database\MySQLi\Connection.php(295): mysqli->query('SELECT p.* FROM tbl_partida as p
                INNER JOIN tbl_agenda as a ON a.Id_Partida = p.Id_Partida
                WHERE p.Qntd_Jogadores < 5
                AND p.Status = 1
                AND (a.Player_1 = \'1\'
                     OR a.Player_2 = \'1\'
                     OR a.Player_3 = \'1\'
                     OR a.Player_4 = \'1\'
                     OR a.Player_5 = \'1\')', 0)
 2 SYSTEMPATH\Database\BaseConnection.php(691): CodeIgniter\Database\MySQLi\Connection->execute('SELECT p.* FROM tbl_partida as p
                INNER JOIN tbl_agenda as a ON a.Id_Partida = p.Id_Partida
                WHERE p.Qntd_Jogadores < 5
                AND p.Status = 1
                AND (a.Player_1 = \'1\'
                     OR a.Player_2 = \'1\'
                     OR a.Player_3 = \'1\'
                     OR a.Player_4 = \'1\'
                     OR a.Player_5 = \'1\')')
 3 SYSTEMPATH\Database\BaseConnection.php(605): CodeIgniter\Database\BaseConnection->simpleQuery('SELECT p.* FROM tbl_partida as p
                INNER JOIN tbl_agenda as a ON a.Id_Partida = p.Id_Partida
                WHERE p.Qntd_Jogadores < 5
                AND p.Status = 1
                AND (a.Player_1 = \'1\'
                     OR a.Player_2 = \'1\'
                     OR a.Player_3 = \'1\'
                     OR a.Player_4 = \'1\'
                     OR a.Player_5 = \'1\')')
 4 APPPATH\Models\model_partida.php(45): CodeIgniter\Database\BaseConnection->query('SELECT p.* FROM tbl_partida as p
                INNER JOIN tbl_agenda as a ON a.Id_Partida = p.Id_Partida
                WHERE p.Qntd_Jogadores < 5
                AND p.Status = 1
                AND (a.Player_1 = \'1\'
                     OR a.Player_2 = \'1\'
                     OR a.Player_3 = \'1\'
                     OR a.Player_4 = \'1\'
                     OR a.Player_5 = \'1\')')
 5 APPPATH\Controllers\controller_partida.php(212): App\Models\model_partida->getPartidasAtivasUsuario('1')
 6 SYSTEMPATH\CodeIgniter.php(934): App\Controllers\controller_partida->minhasPartidas()
 7 SYSTEMPATH\CodeIgniter.php(499): CodeIgniter\CodeIgniter->runController(Object(App\Controllers\controller_partida))
 8 SYSTEMPATH\CodeIgniter.php(368): CodeIgniter\CodeIgniter->handleRequest(null, Object(Config\Cache), false)
 9 FCPATH\index.php(67): CodeIgniter\CodeIgniter->run()
INFO - 2023-07-14 06:34:18 --> Session: Class initialized using 'CodeIgniter\Session\Handlers\FileHandler' driver.
ERROR - 2023-07-14 06:34:18 --> mysqli_sql_exception: Unknown column 'a.Player_1' in 'where clause' in C:\xampp\htdocs\ColaboraHub\system\Database\MySQLi\Connection.php:295
Stack trace:
#0 C:\xampp\htdocs\ColaboraHub\system\Database\MySQLi\Connection.php(295): mysqli->query('SELECT p.* FROM...', 0)
#1 C:\xampp\htdocs\ColaboraHub\system\Database\BaseConnection.php(691): CodeIgniter\Database\MySQLi\Connection->execute('SELECT p.* FROM...')
#2 C:\xampp\htdocs\ColaboraHub\system\Database\BaseConnection.php(605): CodeIgniter\Database\BaseConnection->simpleQuery('SELECT p.* FROM...')
#3 C:\xampp\htdocs\ColaboraHub\app\Models\model_partida.php(44): CodeIgniter\Database\BaseConnection->query('SELECT p.* FROM...')
#4 C:\xampp\htdocs\ColaboraHub\app\Controllers\controller_partida.php(212): App\Models\model_partida->getPartidasAtivasUsuario('1')
#5 C:\xampp\htdocs\ColaboraHub\system\CodeIgniter.php(934): App\Controllers\controller_partida->minhasPartidas()
#6 C:\xampp\htdocs\ColaboraHub\system\CodeIgniter.php(499): CodeIgniter\CodeIgniter->runController(Object(App\Controllers\controller_partida))
#7 C:\xampp\htdocs\ColaboraHub\system\CodeIgniter.php(368): CodeIgniter\CodeIgniter->handleRequest(NULL, Object(Config\Cache), false)
#8 C:\xampp\htdocs\ColaboraHub\public\index.php(67): CodeIgniter\CodeIgniter->run()
#9 {main}
CRITICAL - 2023-07-14 06:34:18 --> Unknown column 'a.Player_1' in 'where clause'
in SYSTEMPATH\Database\MySQLi\Connection.php on line 295.
 1 SYSTEMPATH\Database\MySQLi\Connection.php(295): mysqli->query('SELECT p.* FROM tbl_partida as p
                INNER JOIN tbl_agenda as a ON a.Id_Partida = p.Id_Partida
                WHERE p.Qntd_Jogadores < 5
                AND (a.Player_1 = \'1\'
                     OR a.Player_2 = \'1\'
                     OR a.Player_3 = \'1\'
                     OR a.Player_4 = \'1\'
                     OR a.Player_5 = \'1\')', 0)
 2 SYSTEMPATH\Database\BaseConnection.php(691): CodeIgniter\Database\MySQLi\Connection->execute('SELECT p.* FROM tbl_partida as p
                INNER JOIN tbl_agenda as a ON a.Id_Partida = p.Id_Partida
                WHERE p.Qntd_Jogadores < 5
                AND (a.Player_1 = \'1\'
                     OR a.Player_2 = \'1\'
                     OR a.Player_3 = \'1\'
                     OR a.Player_4 = \'1\'
                     OR a.Player_5 = \'1\')')
 3 SYSTEMPATH\Database\BaseConnection.php(605): CodeIgniter\Database\BaseConnection->simpleQuery('SELECT p.* FROM tbl_partida as p
                INNER JOIN tbl_agenda as a ON a.Id_Partida = p.Id_Partida
                WHERE p.Qntd_Jogadores < 5
                AND (a.Player_1 = \'1\'
                     OR a.Player_2 = \'1\'
                     OR a.Player_3 = \'1\'
                     OR a.Player_4 = \'1\'
                     OR a.Player_5 = \'1\')')
 4 APPPATH\Models\model_partida.php(44): CodeIgniter\Database\BaseConnection->query('SELECT p.* FROM tbl_partida as p
                INNER JOIN tbl_agenda as a ON a.Id_Partida = p.Id_Partida
                WHERE p.Qntd_Jogadores < 5
                AND (a.Player_1 = \'1\'
                     OR a.Player_2 = \'1\'
                     OR a.Player_3 = \'1\'
                     OR a.Player_4 = \'1\'
                     OR a.Player_5 = \'1\')')
 5 APPPATH\Controllers\controller_partida.php(212): App\Models\model_partida->getPartidasAtivasUsuario('1')
 6 SYSTEMPATH\CodeIgniter.php(934): App\Controllers\controller_partida->minhasPartidas()
 7 SYSTEMPATH\CodeIgniter.php(499): CodeIgniter\CodeIgniter->runController(Object(App\Controllers\controller_partida))
 8 SYSTEMPATH\CodeIgniter.php(368): CodeIgniter\CodeIgniter->handleRequest(null, Object(Config\Cache), false)
 9 FCPATH\index.php(67): CodeIgniter\CodeIgniter->run()
INFO - 2023-07-14 06:35:16 --> Session: Class initialized using 'CodeIgniter\Session\Handlers\FileHandler' driver.
ERROR - 2023-07-14 06:35:16 --> mysqli_sql_exception: Unknown column 'p.Status' in 'where clause' in C:\xampp\htdocs\ColaboraHub\system\Database\MySQLi\Connection.php:295
Stack trace:
#0 C:\xampp\htdocs\ColaboraHub\system\Database\MySQLi\Connection.php(295): mysqli->query('SELECT p.* FROM...', 0)
#1 C:\xampp\htdocs\ColaboraHub\system\Database\BaseConnection.php(691): CodeIgniter\Database\MySQLi\Connection->execute('SELECT p.* FROM...')
#2 C:\xampp\htdocs\ColaboraHub\system\Database\BaseConnection.php(605): CodeIgniter\Database\BaseConnection->simpleQuery('SELECT p.* FROM...')
#3 C:\xampp\htdocs\ColaboraHub\app\Models\model_partida.php(44): CodeIgniter\Database\BaseConnection->query('SELECT p.* FROM...')
#4 C:\xampp\htdocs\ColaboraHub\app\Controllers\controller_partida.php(212): App\Models\model_partida->getPartidasAtivasUsuario('1')
#5 C:\xampp\htdocs\ColaboraHub\system\CodeIgniter.php(934): App\Controllers\controller_partida->minhasPartidas()
#6 C:\xampp\htdocs\ColaboraHub\system\CodeIgniter.php(499): CodeIgniter\CodeIgniter->runController(Object(App\Controllers\controller_partida))
#7 C:\xampp\htdocs\ColaboraHub\system\CodeIgniter.php(368): CodeIgniter\CodeIgniter->handleRequest(NULL, Object(Config\Cache), false)
#8 C:\xampp\htdocs\ColaboraHub\public\index.php(67): CodeIgniter\CodeIgniter->run()
#9 {main}
CRITICAL - 2023-07-14 06:35:16 --> Unknown column 'p.Status' in 'where clause'
in SYSTEMPATH\Database\MySQLi\Connection.php on line 295.
 1 SYSTEMPATH\Database\MySQLi\Connection.php(295): mysqli->query('SELECT p.* FROM tbl_partida as p
            WHERE p.Qntd_Jogadores < 5
            AND p.Status = 1
            AND (p.Player_1 = \'1\'
                 OR p.Player_2 = \'1\'
                 OR p.Player_3 = \'1\'
                 OR p.Player_4 = \'1\'
                 OR p.Player_5 = \'1\')', 0)
 2 SYSTEMPATH\Database\BaseConnection.php(691): CodeIgniter\Database\MySQLi\Connection->execute('SELECT p.* FROM tbl_partida as p
            WHERE p.Qntd_Jogadores < 5
            AND p.Status = 1
            AND (p.Player_1 = \'1\'
                 OR p.Player_2 = \'1\'
                 OR p.Player_3 = \'1\'
                 OR p.Player_4 = \'1\'
                 OR p.Player_5 = \'1\')')
 3 SYSTEMPATH\Database\BaseConnection.php(605): CodeIgniter\Database\BaseConnection->simpleQuery('SELECT p.* FROM tbl_partida as p
            WHERE p.Qntd_Jogadores < 5
            AND p.Status = 1
            AND (p.Player_1 = \'1\'
                 OR p.Player_2 = \'1\'
                 OR p.Player_3 = \'1\'
                 OR p.Player_4 = \'1\'
                 OR p.Player_5 = \'1\')')
 4 APPPATH\Models\model_partida.php(44): CodeIgniter\Database\BaseConnection->query('SELECT p.* FROM tbl_partida as p
            WHERE p.Qntd_Jogadores < 5
            AND p.Status = 1
            AND (p.Player_1 = \'1\'
                 OR p.Player_2 = \'1\'
                 OR p.Player_3 = \'1\'
                 OR p.Player_4 = \'1\'
                 OR p.Player_5 = \'1\')')
 5 APPPATH\Controllers\controller_partida.php(212): App\Models\model_partida->getPartidasAtivasUsuario('1')
 6 SYSTEMPATH\CodeIgniter.php(934): App\Controllers\controller_partida->minhasPartidas()
 7 SYSTEMPATH\CodeIgniter.php(499): CodeIgniter\CodeIgniter->runController(Object(App\Controllers\controller_partida))
 8 SYSTEMPATH\CodeIgniter.php(368): CodeIgniter\CodeIgniter->handleRequest(null, Object(Config\Cache), false)
 9 FCPATH\index.php(67): CodeIgniter\CodeIgniter->run()
INFO - 2023-07-14 06:35:17 --> Session: Class initialized using 'CodeIgniter\Session\Handlers\FileHandler' driver.
ERROR - 2023-07-14 06:35:17 --> mysqli_sql_exception: Unknown column 'p.Status' in 'where clause' in C:\xampp\htdocs\ColaboraHub\system\Database\MySQLi\Connection.php:295
Stack trace:
#0 C:\xampp\htdocs\ColaboraHub\system\Database\MySQLi\Connection.php(295): mysqli->query('SELECT p.* FROM...', 0)
#1 C:\xampp\htdocs\ColaboraHub\system\Database\BaseConnection.php(691): CodeIgniter\Database\MySQLi\Connection->execute('SELECT p.* FROM...')
#2 C:\xampp\htdocs\ColaboraHub\system\Database\BaseConnection.php(605): CodeIgniter\Database\BaseConnection->simpleQuery('SELECT p.* FROM...')
#3 C:\xampp\htdocs\ColaboraHub\app\Models\model_partida.php(44): CodeIgniter\Database\BaseConnection->query('SELECT p.* FROM...')
#4 C:\xampp\htdocs\ColaboraHub\app\Controllers\controller_partida.php(212): App\Models\model_partida->getPartidasAtivasUsuario('1')
#5 C:\xampp\htdocs\ColaboraHub\system\CodeIgniter.php(934): App\Controllers\controller_partida->minhasPartidas()
#6 C:\xampp\htdocs\ColaboraHub\system\CodeIgniter.php(499): CodeIgniter\CodeIgniter->runController(Object(App\Controllers\controller_partida))
#7 C:\xampp\htdocs\ColaboraHub\system\CodeIgniter.php(368): CodeIgniter\CodeIgniter->handleRequest(NULL, Object(Config\Cache), false)
#8 C:\xampp\htdocs\ColaboraHub\public\index.php(67): CodeIgniter\CodeIgniter->run()
#9 {main}
CRITICAL - 2023-07-14 06:35:17 --> Unknown column 'p.Status' in 'where clause'
in SYSTEMPATH\Database\MySQLi\Connection.php on line 295.
 1 SYSTEMPATH\Database\MySQLi\Connection.php(295): mysqli->query('SELECT p.* FROM tbl_partida as p
            WHERE p.Qntd_Jogadores < 5
            AND p.Status = 1
            AND (p.Player_1 = \'1\'
                 OR p.Player_2 = \'1\'
                 OR p.Player_3 = \'1\'
                 OR p.Player_4 = \'1\'
                 OR p.Player_5 = \'1\')', 0)
 2 SYSTEMPATH\Database\BaseConnection.php(691): CodeIgniter\Database\MySQLi\Connection->execute('SELECT p.* FROM tbl_partida as p
            WHERE p.Qntd_Jogadores < 5
            AND p.Status = 1
            AND (p.Player_1 = \'1\'
                 OR p.Player_2 = \'1\'
                 OR p.Player_3 = \'1\'
                 OR p.Player_4 = \'1\'
                 OR p.Player_5 = \'1\')')
 3 SYSTEMPATH\Database\BaseConnection.php(605): CodeIgniter\Database\BaseConnection->simpleQuery('SELECT p.* FROM tbl_partida as p
            WHERE p.Qntd_Jogadores < 5
            AND p.Status = 1
            AND (p.Player_1 = \'1\'
                 OR p.Player_2 = \'1\'
                 OR p.Player_3 = \'1\'
                 OR p.Player_4 = \'1\'
                 OR p.Player_5 = \'1\')')
 4 APPPATH\Models\model_partida.php(44): CodeIgniter\Database\BaseConnection->query('SELECT p.* FROM tbl_partida as p
            WHERE p.Qntd_Jogadores < 5
            AND p.Status = 1
            AND (p.Player_1 = \'1\'
                 OR p.Player_2 = \'1\'
                 OR p.Player_3 = \'1\'
                 OR p.Player_4 = \'1\'
                 OR p.Player_5 = \'1\')')
 5 APPPATH\Controllers\controller_partida.php(212): App\Models\model_partida->getPartidasAtivasUsuario('1')
 6 SYSTEMPATH\CodeIgniter.php(934): App\Controllers\controller_partida->minhasPartidas()
 7 SYSTEMPATH\CodeIgniter.php(499): CodeIgniter\CodeIgniter->runController(Object(App\Controllers\controller_partida))
 8 SYSTEMPATH\CodeIgniter.php(368): CodeIgniter\CodeIgniter->handleRequest(null, Object(Config\Cache), false)
 9 FCPATH\index.php(67): CodeIgniter\CodeIgniter->run()
INFO - 2023-07-14 06:35:22 --> Session: Class initialized using 'CodeIgniter\Session\Handlers\FileHandler' driver.
INFO - 2023-07-14 06:36:15 --> Session: Class initialized using 'CodeIgniter\Session\Handlers\FileHandler' driver.
INFO - 2023-07-14 06:38:11 --> Session: Class initialized using 'CodeIgniter\Session\Handlers\FileHandler' driver.
INFO - 2023-07-14 06:38:15 --> Session: Class initialized using 'CodeIgniter\Session\Handlers\FileHandler' driver.
INFO - 2023-07-14 06:38:19 --> Session: Class initialized using 'CodeIgniter\Session\Handlers\FileHandler' driver.
INFO - 2023-07-14 06:38:21 --> Session: Class initialized using 'CodeIgniter\Session\Handlers\FileHandler' driver.
INFO - 2023-07-14 06:38:23 --> Session: Class initialized using 'CodeIgniter\Session\Handlers\FileHandler' driver.
INFO - 2023-07-14 06:38:36 --> Session: Class initialized using 'CodeIgniter\Session\Handlers\FileHandler' driver.
INFO - 2023-07-14 06:38:53 --> Session: Class initialized using 'CodeIgniter\Session\Handlers\FileHandler' driver.
INFO - 2023-07-14 06:38:57 --> Session: Class initialized using 'CodeIgniter\Session\Handlers\FileHandler' driver.
INFO - 2023-07-14 06:39:00 --> Session: Class initialized using 'CodeIgniter\Session\Handlers\FileHandler' driver.
INFO - 2023-07-14 06:39:04 --> Session: Class initialized using 'CodeIgniter\Session\Handlers\FileHandler' driver.
INFO - 2023-07-14 06:39:09 --> Session: Class initialized using 'CodeIgniter\Session\Handlers\FileHandler' driver.
INFO - 2023-07-14 06:39:13 --> Session: Class initialized using 'CodeIgniter\Session\Handlers\FileHandler' driver.
INFO - 2023-07-14 06:39:47 --> Session: Class initialized using 'CodeIgniter\Session\Handlers\FileHandler' driver.
INFO - 2023-07-14 06:39:57 --> Session: Class initialized using 'CodeIgniter\Session\Handlers\FileHandler' driver.
INFO - 2023-07-14 06:39:59 --> Session: Class initialized using 'CodeIgniter\Session\Handlers\FileHandler' driver.
INFO - 2023-07-14 06:40:01 --> Session: Class initialized using 'CodeIgniter\Session\Handlers\FileHandler' driver.
INFO - 2023-07-14 06:40:01 --> Session: Class initialized using 'CodeIgniter\Session\Handlers\FileHandler' driver.
INFO - 2023-07-14 06:40:04 --> Session: Class initialized using 'CodeIgniter\Session\Handlers\FileHandler' driver.
INFO - 2023-07-14 06:40:06 --> Session: Class initialized using 'CodeIgniter\Session\Handlers\FileHandler' driver.
INFO - 2023-07-14 06:40:07 --> Session: Class initialized using 'CodeIgniter\Session\Handlers\FileHandler' driver.
INFO - 2023-07-14 06:40:08 --> Session: Class initialized using 'CodeIgniter\Session\Handlers\FileHandler' driver.
INFO - 2023-07-14 06:40:12 --> Session: Class initialized using 'CodeIgniter\Session\Handlers\FileHandler' driver.
INFO - 2023-07-14 06:40:14 --> Session: Class initialized using 'CodeIgniter\Session\Handlers\FileHandler' driver.
INFO - 2023-07-14 06:40:16 --> Session: Class initialized using 'CodeIgniter\Session\Handlers\FileHandler' driver.
INFO - 2023-07-14 06:40:17 --> Session: Class initialized using 'CodeIgniter\Session\Handlers\FileHandler' driver.
INFO - 2023-07-14 06:40:23 --> Session: Class initialized using 'CodeIgniter\Session\Handlers\FileHandler' driver.
INFO - 2023-07-14 06:40:24 --> Session: Class initialized using 'CodeIgniter\Session\Handlers\FileHandler' driver.
INFO - 2023-07-14 06:40:35 --> Session: Class initialized using 'CodeIgniter\Session\Handlers\FileHandler' driver.
INFO - 2023-07-14 06:40:37 --> Session: Class initialized using 'CodeIgniter\Session\Handlers\FileHandler' driver.
INFO - 2023-07-14 06:40:39 --> Session: Class initialized using 'CodeIgniter\Session\Handlers\FileHandler' driver.
INFO - 2023-07-14 06:40:43 --> Session: Class initialized using 'CodeIgniter\Session\Handlers\FileHandler' driver.
