INFO - 2023-06-19 22:49:48 --> Session: Class initialized using 'CodeIgniter\Session\Handlers\FileHandler' driver.
INFO - 2023-06-19 22:49:48 --> Session: Class initialized using 'CodeIgniter\Session\Handlers\FileHandler' driver.
INFO - 2023-06-19 22:49:51 --> Session: Class initialized using 'CodeIgniter\Session\Handlers\FileHandler' driver.
CRITICAL - 2023-06-19 22:49:51 --> Undefined array key "Tipo"
in APPPATH\Views\view_perfilEquipe.php on line 59.
 1 APPPATH\Views\view_perfilEquipe.php(59): CodeIgniter\Debug\Exceptions->errorHandler(2, 'Undefined array key "Tipo"', 'C:\\xampp\\htdocs\\ColaboraHub\\app\\Views\\view_perfilEquipe.php', 59)
 2 SYSTEMPATH\View\View.php(213): include('C:\\xampp\\htdocs\\ColaboraHub\\app\\Views\\view_perfilEquipe.php')
 3 SYSTEMPATH\View\View.php(216): CodeIgniter\View\View->CodeIgniter\View\{closure}()
 4 SYSTEMPATH\Common.php(1184): CodeIgniter\View\View->render('view_perfilEquipe', [], true)
 5 APPPATH\Controllers\controller_equipe.php(146): view('view_perfilEquipe', [...])
 6 SYSTEMPATH\CodeIgniter.php(934): App\Controllers\controller_equipe->perfil()
 7 SYSTEMPATH\CodeIgniter.php(499): CodeIgniter\CodeIgniter->runController(Object(App\Controllers\controller_equipe))
 8 SYSTEMPATH\CodeIgniter.php(368): CodeIgniter\CodeIgniter->handleRequest(null, Object(Config\Cache), false)
 9 FCPATH\index.php(67): CodeIgniter\CodeIgniter->run()
INFO - 2023-06-19 22:51:35 --> Session: Class initialized using 'CodeIgniter\Session\Handlers\FileHandler' driver.
CRITICAL - 2023-06-19 22:51:35 --> Undefined array key "Tipo"
in APPPATH\Views\view_perfilEquipe.php on line 59.
 1 APPPATH\Views\view_perfilEquipe.php(59): CodeIgniter\Debug\Exceptions->errorHandler(2, 'Undefined array key "Tipo"', 'C:\\xampp\\htdocs\\ColaboraHub\\app\\Views\\view_perfilEquipe.php', 59)
 2 SYSTEMPATH\View\View.php(213): include('C:\\xampp\\htdocs\\ColaboraHub\\app\\Views\\view_perfilEquipe.php')
 3 SYSTEMPATH\View\View.php(216): CodeIgniter\View\View->CodeIgniter\View\{closure}()
 4 SYSTEMPATH\Common.php(1184): CodeIgniter\View\View->render('view_perfilEquipe', [], true)
 5 APPPATH\Controllers\controller_equipe.php(146): view('view_perfilEquipe', [...])
 6 SYSTEMPATH\CodeIgniter.php(934): App\Controllers\controller_equipe->perfil()
 7 SYSTEMPATH\CodeIgniter.php(499): CodeIgniter\CodeIgniter->runController(Object(App\Controllers\controller_equipe))
 8 SYSTEMPATH\CodeIgniter.php(368): CodeIgniter\CodeIgniter->handleRequest(null, Object(Config\Cache), false)
 9 FCPATH\index.php(67): CodeIgniter\CodeIgniter->run()
INFO - 2023-06-19 22:55:17 --> Session: Class initialized using 'CodeIgniter\Session\Handlers\FileHandler' driver.
INFO - 2023-06-19 22:55:20 --> Session: Class initialized using 'CodeIgniter\Session\Handlers\FileHandler' driver.
INFO - 2023-06-19 22:58:44 --> Session: Class initialized using 'CodeIgniter\Session\Handlers\FileHandler' driver.
