CRITICAL - 2023-05-31 23:47:26 --> syntax error, unexpected token "echo", expecting "function" or "const"
in APPPATH\Controllers\controller_login.php on line 65.
 1 SYSTEMPATH\Autoloader\Autoloader.php(289): CodeIgniter\Autoloader\Autoloader->includeFile('C:\\xampp\\htdocs\\ColaboraHub\\app\\Controllers\\controller_login.php')
 2 SYSTEMPATH\Autoloader\Autoloader.php(267): CodeIgniter\Autoloader\Autoloader->loadInNamespace('App\\Controllers\\controller_login')
 3 [internal function]: CodeIgniter\Autoloader\Autoloader->loadClass('App\\Controllers\\controller_login')
 4 SYSTEMPATH\CodeIgniter.php(892): class_exists('\\App\\Controllers\\controller_login', true)
 5 SYSTEMPATH\CodeIgniter.php(486): CodeIgniter\CodeIgniter->startController()
 6 SYSTEMPATH\CodeIgniter.php(368): CodeIgniter\CodeIgniter->handleRequest(null, Object(Config\Cache), false)
 7 FCPATH\index.php(67): CodeIgniter\CodeIgniter->run()
CRITICAL - 2023-05-31 23:47:50 --> Undefined variable $data
in APPPATH\Controllers\controller_login.php on line 66.
 1 APPPATH\Controllers\controller_login.php(66): CodeIgniter\Debug\Exceptions->errorHandler(2, 'Undefined variable $data', 'C:\\xampp\\htdocs\\ColaboraHub\\app\\Controllers\\controller_login.php', 66)
 2 SYSTEMPATH\Autoloader\Autoloader.php(312): include_once('C:\\xampp\\htdocs\\ColaboraHub\\app\\Controllers\\controller_login.php')
 3 SYSTEMPATH\Autoloader\Autoloader.php(289): CodeIgniter\Autoloader\Autoloader->includeFile('C:\\xampp\\htdocs\\ColaboraHub\\app\\Controllers\\controller_login.php')
 4 SYSTEMPATH\Autoloader\Autoloader.php(267): CodeIgniter\Autoloader\Autoloader->loadInNamespace('App\\Controllers\\controller_login')
 5 [internal function]: CodeIgniter\Autoloader\Autoloader->loadClass('App\\Controllers\\controller_login')
 6 SYSTEMPATH\CodeIgniter.php(892): class_exists('\\App\\Controllers\\controller_login', true)
 7 SYSTEMPATH\CodeIgniter.php(486): CodeIgniter\CodeIgniter->startController()
 8 SYSTEMPATH\CodeIgniter.php(368): CodeIgniter\CodeIgniter->handleRequest(null, Object(Config\Cache), false)
 9 FCPATH\index.php(67): CodeIgniter\CodeIgniter->run()
CRITICAL - 2023-05-31 23:47:59 --> Invalid file: "login.php"
in SYSTEMPATH\Exceptions\FrameworkException.php on line 33.
 1 SYSTEMPATH\View\View.php(201): CodeIgniter\Exceptions\FrameworkException::forInvalidFile('login.php')
 2 SYSTEMPATH\Common.php(1184): CodeIgniter\View\View->render('login', [], true)
 3 APPPATH\Controllers\controller_login.php(66): view('login')
 4 SYSTEMPATH\Autoloader\Autoloader.php(312): include_once('C:\\xampp\\htdocs\\ColaboraHub\\app\\Controllers\\controller_login.php')
 5 SYSTEMPATH\Autoloader\Autoloader.php(289): CodeIgniter\Autoloader\Autoloader->includeFile('C:\\xampp\\htdocs\\ColaboraHub\\app\\Controllers\\controller_login.php')
 6 SYSTEMPATH\Autoloader\Autoloader.php(267): CodeIgniter\Autoloader\Autoloader->loadInNamespace('App\\Controllers\\controller_login')
 7 [internal function]: CodeIgniter\Autoloader\Autoloader->loadClass('App\\Controllers\\controller_login')
 8 SYSTEMPATH\CodeIgniter.php(892): class_exists('\\App\\Controllers\\controller_login', true)
 9 SYSTEMPATH\CodeIgniter.php(486): CodeIgniter\CodeIgniter->startController()
10 SYSTEMPATH\CodeIgniter.php(368): CodeIgniter\CodeIgniter->handleRequest(null, Object(Config\Cache), false)
11 FCPATH\index.php(67): CodeIgniter\CodeIgniter->run()
CRITICAL - 2023-05-31 23:48:24 --> Call to undefined function set_value()
in APPPATH\Views\view_login.php on line 27.
 1 SYSTEMPATH\View\View.php(213): include()
 2 SYSTEMPATH\View\View.php(216): CodeIgniter\View\View->CodeIgniter\View\{closure}()
 3 SYSTEMPATH\Common.php(1184): CodeIgniter\View\View->render('view_login', [], true)
 4 APPPATH\Controllers\controller_login.php(66): view('view_login')
 5 SYSTEMPATH\Autoloader\Autoloader.php(312): include_once('C:\\xampp\\htdocs\\ColaboraHub\\app\\Controllers\\controller_login.php')
 6 SYSTEMPATH\Autoloader\Autoloader.php(289): CodeIgniter\Autoloader\Autoloader->includeFile('C:\\xampp\\htdocs\\ColaboraHub\\app\\Controllers\\controller_login.php')
 7 SYSTEMPATH\Autoloader\Autoloader.php(267): CodeIgniter\Autoloader\Autoloader->loadInNamespace('App\\Controllers\\controller_login')
 8 [internal function]: CodeIgniter\Autoloader\Autoloader->loadClass('App\\Controllers\\controller_login')
 9 SYSTEMPATH\CodeIgniter.php(892): class_exists('\\App\\Controllers\\controller_login', true)
10 SYSTEMPATH\CodeIgniter.php(486): CodeIgniter\CodeIgniter->startController()
11 SYSTEMPATH\CodeIgniter.php(368): CodeIgniter\CodeIgniter->handleRequest(null, Object(Config\Cache), false)
12 FCPATH\index.php(67): CodeIgniter\CodeIgniter->run()
CRITICAL - 2023-05-31 23:50:18 --> Undefined array key "senha"
in APPPATH\Controllers\controller_login.php on line 49.
 1 APPPATH\Controllers\controller_login.php(49): CodeIgniter\Debug\Exceptions->errorHandler(2, 'Undefined array key "senha"', 'C:\\xampp\\htdocs\\ColaboraHub\\app\\Controllers\\controller_login.php', 49)
 2 SYSTEMPATH\CodeIgniter.php(934): App\Controllers\controller_login->login()
 3 SYSTEMPATH\CodeIgniter.php(499): CodeIgniter\CodeIgniter->runController(Object(App\Controllers\controller_login))
 4 SYSTEMPATH\CodeIgniter.php(368): CodeIgniter\CodeIgniter->handleRequest(null, Object(Config\Cache), false)
 5 FCPATH\index.php(67): CodeIgniter\CodeIgniter->run()
CRITICAL - 2023-05-31 23:52:39 --> Undefined array key "senha"
in APPPATH\Controllers\controller_login.php on line 40.
 1 APPPATH\Controllers\controller_login.php(40): CodeIgniter\Debug\Exceptions->errorHandler(2, 'Undefined array key "senha"', 'C:\\xampp\\htdocs\\ColaboraHub\\app\\Controllers\\controller_login.php', 40)
 2 SYSTEMPATH\CodeIgniter.php(934): App\Controllers\controller_login->login()
 3 SYSTEMPATH\CodeIgniter.php(499): CodeIgniter\CodeIgniter->runController(Object(App\Controllers\controller_login))
 4 SYSTEMPATH\CodeIgniter.php(368): CodeIgniter\CodeIgniter->handleRequest(null, Object(Config\Cache), false)
 5 FCPATH\index.php(67): CodeIgniter\CodeIgniter->run()
CRITICAL - 2023-05-31 23:53:39 --> syntax error, unexpected token "return"
in APPPATH\Controllers\controller_login.php on line 41.
 1 SYSTEMPATH\Autoloader\Autoloader.php(289): CodeIgniter\Autoloader\Autoloader->includeFile('C:\\xampp\\htdocs\\ColaboraHub\\app\\Controllers\\controller_login.php')
 2 SYSTEMPATH\Autoloader\Autoloader.php(267): CodeIgniter\Autoloader\Autoloader->loadInNamespace('App\\Controllers\\controller_login')
 3 [internal function]: CodeIgniter\Autoloader\Autoloader->loadClass('App\\Controllers\\controller_login')
 4 SYSTEMPATH\CodeIgniter.php(892): class_exists('\\App\\Controllers\\controller_login', true)
 5 SYSTEMPATH\CodeIgniter.php(486): CodeIgniter\CodeIgniter->startController()
 6 SYSTEMPATH\CodeIgniter.php(368): CodeIgniter\CodeIgniter->handleRequest(null, Object(Config\Cache), false)
 7 FCPATH\index.php(67): CodeIgniter\CodeIgniter->run()
