INFO - 2023-07-08 05:06:42 --> Session: Class initialized using 'CodeIgniter\Session\Handlers\FileHandler' driver.
INFO - 2023-07-08 05:06:53 --> Session: Class initialized using 'CodeIgniter\Session\Handlers\FileHandler' driver.
INFO - 2023-07-08 05:06:53 --> Session: Class initialized using 'CodeIgniter\Session\Handlers\FileHandler' driver.
INFO - 2023-07-08 05:07:00 --> Session: Class initialized using 'CodeIgniter\Session\Handlers\FileHandler' driver.
INFO - 2023-07-08 05:07:03 --> Session: Class initialized using 'CodeIgniter\Session\Handlers\FileHandler' driver.
INFO - 2023-07-08 05:07:05 --> Session: Class initialized using 'CodeIgniter\Session\Handlers\FileHandler' driver.
INFO - 2023-07-08 05:07:08 --> Session: Class initialized using 'CodeIgniter\Session\Handlers\FileHandler' driver.
INFO - 2023-07-08 05:07:18 --> Session: Class initialized using 'CodeIgniter\Session\Handlers\FileHandler' driver.
INFO - 2023-07-08 05:07:22 --> Session: Class initialized using 'CodeIgniter\Session\Handlers\FileHandler' driver.
INFO - 2023-07-08 05:07:22 --> Session: Class initialized using 'CodeIgniter\Session\Handlers\FileHandler' driver.
INFO - 2023-07-08 05:07:41 --> Session: Class initialized using 'CodeIgniter\Session\Handlers\FileHandler' driver.
INFO - 2023-07-08 05:07:41 --> Session: Class initialized using 'CodeIgniter\Session\Handlers\FileHandler' driver.
INFO - 2023-07-08 05:07:46 --> Session: Class initialized using 'CodeIgniter\Session\Handlers\FileHandler' driver.
INFO - 2023-07-08 05:07:48 --> Session: Class initialized using 'CodeIgniter\Session\Handlers\FileHandler' driver.
INFO - 2023-07-08 05:07:48 --> Session: Class initialized using 'CodeIgniter\Session\Handlers\FileHandler' driver.
INFO - 2023-07-08 05:07:52 --> Session: Class initialized using 'CodeIgniter\Session\Handlers\FileHandler' driver.
INFO - 2023-07-08 05:07:53 --> Session: Class initialized using 'CodeIgniter\Session\Handlers\FileHandler' driver.
INFO - 2023-07-08 05:07:53 --> Session: Class initialized using 'CodeIgniter\Session\Handlers\FileHandler' driver.
INFO - 2023-07-08 05:07:58 --> Session: Class initialized using 'CodeIgniter\Session\Handlers\FileHandler' driver.
INFO - 2023-07-08 05:07:59 --> Session: Class initialized using 'CodeIgniter\Session\Handlers\FileHandler' driver.
INFO - 2023-07-08 05:07:59 --> Session: Class initialized using 'CodeIgniter\Session\Handlers\FileHandler' driver.
INFO - 2023-07-08 05:08:00 --> Session: Class initialized using 'CodeIgniter\Session\Handlers\FileHandler' driver.
INFO - 2023-07-08 05:08:03 --> Session: Class initialized using 'CodeIgniter\Session\Handlers\FileHandler' driver.
INFO - 2023-07-08 05:08:09 --> Session: Class initialized using 'CodeIgniter\Session\Handlers\FileHandler' driver.
INFO - 2023-07-08 05:08:11 --> Session: Class initialized using 'CodeIgniter\Session\Handlers\FileHandler' driver.
INFO - 2023-07-08 05:08:11 --> Session: Class initialized using 'CodeIgniter\Session\Handlers\FileHandler' driver.
INFO - 2023-07-08 05:08:23 --> Session: Class initialized using 'CodeIgniter\Session\Handlers\FileHandler' driver.
INFO - 2023-07-08 05:14:00 --> Session: Class initialized using 'CodeIgniter\Session\Handlers\FileHandler' driver.
INFO - 2023-07-08 05:14:01 --> Session: Class initialized using 'CodeIgniter\Session\Handlers\FileHandler' driver.
INFO - 2023-07-08 05:14:03 --> Session: Class initialized using 'CodeIgniter\Session\Handlers\FileHandler' driver.
INFO - 2023-07-08 05:14:06 --> Session: Class initialized using 'CodeIgniter\Session\Handlers\FileHandler' driver.
INFO - 2023-07-08 05:14:06 --> Session: Class initialized using 'CodeIgniter\Session\Handlers\FileHandler' driver.
INFO - 2023-07-08 05:14:25 --> Session: Class initialized using 'CodeIgniter\Session\Handlers\FileHandler' driver.
INFO - 2023-07-08 05:14:26 --> Session: Class initialized using 'CodeIgniter\Session\Handlers\FileHandler' driver.
INFO - 2023-07-08 05:14:26 --> Session: Class initialized using 'CodeIgniter\Session\Handlers\FileHandler' driver.
CRITICAL - 2023-07-08 05:14:26 --> Undefined array key "Login"
in APPPATH\Controllers\controller_partida.php on line 129.
 1 APPPATH\Controllers\controller_partida.php(129): CodeIgniter\Debug\Exceptions->errorHandler(2, 'Undefined array key "Login"', 'C:\\xampp\\htdocs\\ColaboraHub\\app\\Controllers\\controller_partida.php', 129)
 2 SYSTEMPATH\CodeIgniter.php(934): App\Controllers\controller_partida->visualizarPartida('22')
 3 SYSTEMPATH\CodeIgniter.php(499): CodeIgniter\CodeIgniter->runController(Object(App\Controllers\controller_partida))
 4 SYSTEMPATH\CodeIgniter.php(368): CodeIgniter\CodeIgniter->handleRequest(null, Object(Config\Cache), false)
 5 FCPATH\index.php(67): CodeIgniter\CodeIgniter->run()
INFO - 2023-07-08 05:15:10 --> Session: Class initialized using 'CodeIgniter\Session\Handlers\FileHandler' driver.
CRITICAL - 2023-07-08 05:15:10 --> Undefined array key "Login"
in APPPATH\Controllers\controller_partida.php on line 129.
 1 APPPATH\Controllers\controller_partida.php(129): CodeIgniter\Debug\Exceptions->errorHandler(2, 'Undefined array key "Login"', 'C:\\xampp\\htdocs\\ColaboraHub\\app\\Controllers\\controller_partida.php', 129)
 2 SYSTEMPATH\CodeIgniter.php(934): App\Controllers\controller_partida->visualizarPartida('22')
 3 SYSTEMPATH\CodeIgniter.php(499): CodeIgniter\CodeIgniter->runController(Object(App\Controllers\controller_partida))
 4 SYSTEMPATH\CodeIgniter.php(368): CodeIgniter\CodeIgniter->handleRequest(null, Object(Config\Cache), false)
 5 FCPATH\index.php(67): CodeIgniter\CodeIgniter->run()
INFO - 2023-07-08 05:15:11 --> Session: Class initialized using 'CodeIgniter\Session\Handlers\FileHandler' driver.
CRITICAL - 2023-07-08 05:15:11 --> Undefined array key "Login"
in APPPATH\Controllers\controller_partida.php on line 129.
 1 APPPATH\Controllers\controller_partida.php(129): CodeIgniter\Debug\Exceptions->errorHandler(2, 'Undefined array key "Login"', 'C:\\xampp\\htdocs\\ColaboraHub\\app\\Controllers\\controller_partida.php', 129)
 2 SYSTEMPATH\CodeIgniter.php(934): App\Controllers\controller_partida->visualizarPartida('22')
 3 SYSTEMPATH\CodeIgniter.php(499): CodeIgniter\CodeIgniter->runController(Object(App\Controllers\controller_partida))
 4 SYSTEMPATH\CodeIgniter.php(368): CodeIgniter\CodeIgniter->handleRequest(null, Object(Config\Cache), false)
 5 FCPATH\index.php(67): CodeIgniter\CodeIgniter->run()
INFO - 2023-07-08 05:15:12 --> Session: Class initialized using 'CodeIgniter\Session\Handlers\FileHandler' driver.
CRITICAL - 2023-07-08 05:15:12 --> Undefined array key "Login"
in APPPATH\Controllers\controller_partida.php on line 129.
 1 APPPATH\Controllers\controller_partida.php(129): CodeIgniter\Debug\Exceptions->errorHandler(2, 'Undefined array key "Login"', 'C:\\xampp\\htdocs\\ColaboraHub\\app\\Controllers\\controller_partida.php', 129)
 2 SYSTEMPATH\CodeIgniter.php(934): App\Controllers\controller_partida->visualizarPartida('22')
 3 SYSTEMPATH\CodeIgniter.php(499): CodeIgniter\CodeIgniter->runController(Object(App\Controllers\controller_partida))
 4 SYSTEMPATH\CodeIgniter.php(368): CodeIgniter\CodeIgniter->handleRequest(null, Object(Config\Cache), false)
 5 FCPATH\index.php(67): CodeIgniter\CodeIgniter->run()
INFO - 2023-07-08 05:16:23 --> Session: Class initialized using 'CodeIgniter\Session\Handlers\FileHandler' driver.
CRITICAL - 2023-07-08 05:16:23 --> Undefined array key "Login"
in APPPATH\Controllers\controller_partida.php on line 129.
 1 APPPATH\Controllers\controller_partida.php(129): CodeIgniter\Debug\Exceptions->errorHandler(2, 'Undefined array key "Login"', 'C:\\xampp\\htdocs\\ColaboraHub\\app\\Controllers\\controller_partida.php', 129)
 2 SYSTEMPATH\CodeIgniter.php(934): App\Controllers\controller_partida->visualizarPartida('22')
 3 SYSTEMPATH\CodeIgniter.php(499): CodeIgniter\CodeIgniter->runController(Object(App\Controllers\controller_partida))
 4 SYSTEMPATH\CodeIgniter.php(368): CodeIgniter\CodeIgniter->handleRequest(null, Object(Config\Cache), false)
 5 FCPATH\index.php(67): CodeIgniter\CodeIgniter->run()
INFO - 2023-07-08 05:16:44 --> Session: Class initialized using 'CodeIgniter\Session\Handlers\FileHandler' driver.
CRITICAL - 2023-07-08 05:16:44 --> Undefined array key "Login"
in APPPATH\Controllers\controller_partida.php on line 129.
 1 APPPATH\Controllers\controller_partida.php(129): CodeIgniter\Debug\Exceptions->errorHandler(2, 'Undefined array key "Login"', 'C:\\xampp\\htdocs\\ColaboraHub\\app\\Controllers\\controller_partida.php', 129)
 2 SYSTEMPATH\CodeIgniter.php(934): App\Controllers\controller_partida->visualizarPartida('22')
 3 SYSTEMPATH\CodeIgniter.php(499): CodeIgniter\CodeIgniter->runController(Object(App\Controllers\controller_partida))
 4 SYSTEMPATH\CodeIgniter.php(368): CodeIgniter\CodeIgniter->handleRequest(null, Object(Config\Cache), false)
 5 FCPATH\index.php(67): CodeIgniter\CodeIgniter->run()
INFO - 2023-07-08 05:17:31 --> Session: Class initialized using 'CodeIgniter\Session\Handlers\FileHandler' driver.
CRITICAL - 2023-07-08 05:17:31 --> Undefined array key "Login"
in APPPATH\Controllers\controller_partida.php on line 129.
 1 APPPATH\Controllers\controller_partida.php(129): CodeIgniter\Debug\Exceptions->errorHandler(2, 'Undefined array key "Login"', 'C:\\xampp\\htdocs\\ColaboraHub\\app\\Controllers\\controller_partida.php', 129)
 2 SYSTEMPATH\CodeIgniter.php(934): App\Controllers\controller_partida->visualizarPartida('22')
 3 SYSTEMPATH\CodeIgniter.php(499): CodeIgniter\CodeIgniter->runController(Object(App\Controllers\controller_partida))
 4 SYSTEMPATH\CodeIgniter.php(368): CodeIgniter\CodeIgniter->handleRequest(null, Object(Config\Cache), false)
 5 FCPATH\index.php(67): CodeIgniter\CodeIgniter->run()
INFO - 2023-07-08 05:17:32 --> Session: Class initialized using 'CodeIgniter\Session\Handlers\FileHandler' driver.
CRITICAL - 2023-07-08 05:17:32 --> Undefined array key "Login"
in APPPATH\Controllers\controller_partida.php on line 129.
 1 APPPATH\Controllers\controller_partida.php(129): CodeIgniter\Debug\Exceptions->errorHandler(2, 'Undefined array key "Login"', 'C:\\xampp\\htdocs\\ColaboraHub\\app\\Controllers\\controller_partida.php', 129)
 2 SYSTEMPATH\CodeIgniter.php(934): App\Controllers\controller_partida->visualizarPartida('22')
 3 SYSTEMPATH\CodeIgniter.php(499): CodeIgniter\CodeIgniter->runController(Object(App\Controllers\controller_partida))
 4 SYSTEMPATH\CodeIgniter.php(368): CodeIgniter\CodeIgniter->handleRequest(null, Object(Config\Cache), false)
 5 FCPATH\index.php(67): CodeIgniter\CodeIgniter->run()
INFO - 2023-07-08 05:17:32 --> Session: Class initialized using 'CodeIgniter\Session\Handlers\FileHandler' driver.
CRITICAL - 2023-07-08 05:17:32 --> Undefined array key "Login"
in APPPATH\Controllers\controller_partida.php on line 129.
 1 APPPATH\Controllers\controller_partida.php(129): CodeIgniter\Debug\Exceptions->errorHandler(2, 'Undefined array key "Login"', 'C:\\xampp\\htdocs\\ColaboraHub\\app\\Controllers\\controller_partida.php', 129)
 2 SYSTEMPATH\CodeIgniter.php(934): App\Controllers\controller_partida->visualizarPartida('22')
 3 SYSTEMPATH\CodeIgniter.php(499): CodeIgniter\CodeIgniter->runController(Object(App\Controllers\controller_partida))
 4 SYSTEMPATH\CodeIgniter.php(368): CodeIgniter\CodeIgniter->handleRequest(null, Object(Config\Cache), false)
 5 FCPATH\index.php(67): CodeIgniter\CodeIgniter->run()
INFO - 2023-07-08 05:17:33 --> Session: Class initialized using 'CodeIgniter\Session\Handlers\FileHandler' driver.
CRITICAL - 2023-07-08 05:17:33 --> Undefined array key "Login"
in APPPATH\Controllers\controller_partida.php on line 129.
 1 APPPATH\Controllers\controller_partida.php(129): CodeIgniter\Debug\Exceptions->errorHandler(2, 'Undefined array key "Login"', 'C:\\xampp\\htdocs\\ColaboraHub\\app\\Controllers\\controller_partida.php', 129)
 2 SYSTEMPATH\CodeIgniter.php(934): App\Controllers\controller_partida->visualizarPartida('22')
 3 SYSTEMPATH\CodeIgniter.php(499): CodeIgniter\CodeIgniter->runController(Object(App\Controllers\controller_partida))
 4 SYSTEMPATH\CodeIgniter.php(368): CodeIgniter\CodeIgniter->handleRequest(null, Object(Config\Cache), false)
 5 FCPATH\index.php(67): CodeIgniter\CodeIgniter->run()
INFO - 2023-07-08 05:17:33 --> Session: Class initialized using 'CodeIgniter\Session\Handlers\FileHandler' driver.
CRITICAL - 2023-07-08 05:17:33 --> Undefined array key "Login"
in APPPATH\Controllers\controller_partida.php on line 129.
 1 APPPATH\Controllers\controller_partida.php(129): CodeIgniter\Debug\Exceptions->errorHandler(2, 'Undefined array key "Login"', 'C:\\xampp\\htdocs\\ColaboraHub\\app\\Controllers\\controller_partida.php', 129)
 2 SYSTEMPATH\CodeIgniter.php(934): App\Controllers\controller_partida->visualizarPartida('22')
 3 SYSTEMPATH\CodeIgniter.php(499): CodeIgniter\CodeIgniter->runController(Object(App\Controllers\controller_partida))
 4 SYSTEMPATH\CodeIgniter.php(368): CodeIgniter\CodeIgniter->handleRequest(null, Object(Config\Cache), false)
 5 FCPATH\index.php(67): CodeIgniter\CodeIgniter->run()
INFO - 2023-07-08 05:17:33 --> Session: Class initialized using 'CodeIgniter\Session\Handlers\FileHandler' driver.
CRITICAL - 2023-07-08 05:17:33 --> Undefined array key "Login"
in APPPATH\Controllers\controller_partida.php on line 129.
 1 APPPATH\Controllers\controller_partida.php(129): CodeIgniter\Debug\Exceptions->errorHandler(2, 'Undefined array key "Login"', 'C:\\xampp\\htdocs\\ColaboraHub\\app\\Controllers\\controller_partida.php', 129)
 2 SYSTEMPATH\CodeIgniter.php(934): App\Controllers\controller_partida->visualizarPartida('22')
 3 SYSTEMPATH\CodeIgniter.php(499): CodeIgniter\CodeIgniter->runController(Object(App\Controllers\controller_partida))
 4 SYSTEMPATH\CodeIgniter.php(368): CodeIgniter\CodeIgniter->handleRequest(null, Object(Config\Cache), false)
 5 FCPATH\index.php(67): CodeIgniter\CodeIgniter->run()
INFO - 2023-07-08 05:18:13 --> Session: Class initialized using 'CodeIgniter\Session\Handlers\FileHandler' driver.
CRITICAL - 2023-07-08 05:18:13 --> Undefined array key "Id_Usuario"
in APPPATH\Controllers\controller_partida.php on line 130.
 1 APPPATH\Controllers\controller_partida.php(130): CodeIgniter\Debug\Exceptions->errorHandler(2, 'Undefined array key "Id_Usuario"', 'C:\\xampp\\htdocs\\ColaboraHub\\app\\Controllers\\controller_partida.php', 130)
 2 SYSTEMPATH\CodeIgniter.php(934): App\Controllers\controller_partida->visualizarPartida('22')
 3 SYSTEMPATH\CodeIgniter.php(499): CodeIgniter\CodeIgniter->runController(Object(App\Controllers\controller_partida))
 4 SYSTEMPATH\CodeIgniter.php(368): CodeIgniter\CodeIgniter->handleRequest(null, Object(Config\Cache), false)
 5 FCPATH\index.php(67): CodeIgniter\CodeIgniter->run()
INFO - 2023-07-08 05:18:13 --> Session: Class initialized using 'CodeIgniter\Session\Handlers\FileHandler' driver.
CRITICAL - 2023-07-08 05:18:13 --> Undefined array key "Id_Usuario"
in APPPATH\Controllers\controller_partida.php on line 130.
 1 APPPATH\Controllers\controller_partida.php(130): CodeIgniter\Debug\Exceptions->errorHandler(2, 'Undefined array key "Id_Usuario"', 'C:\\xampp\\htdocs\\ColaboraHub\\app\\Controllers\\controller_partida.php', 130)
 2 SYSTEMPATH\CodeIgniter.php(934): App\Controllers\controller_partida->visualizarPartida('22')
 3 SYSTEMPATH\CodeIgniter.php(499): CodeIgniter\CodeIgniter->runController(Object(App\Controllers\controller_partida))
 4 SYSTEMPATH\CodeIgniter.php(368): CodeIgniter\CodeIgniter->handleRequest(null, Object(Config\Cache), false)
 5 FCPATH\index.php(67): CodeIgniter\CodeIgniter->run()
INFO - 2023-07-08 05:18:50 --> Session: Class initialized using 'CodeIgniter\Session\Handlers\FileHandler' driver.
CRITICAL - 2023-07-08 05:18:51 --> Undefined array key "Id_Usuario"
in APPPATH\Controllers\controller_partida.php on line 131.
 1 APPPATH\Controllers\controller_partida.php(131): CodeIgniter\Debug\Exceptions->errorHandler(2, 'Undefined array key "Id_Usuario"', 'C:\\xampp\\htdocs\\ColaboraHub\\app\\Controllers\\controller_partida.php', 131)
 2 SYSTEMPATH\CodeIgniter.php(934): App\Controllers\controller_partida->visualizarPartida('22')
 3 SYSTEMPATH\CodeIgniter.php(499): CodeIgniter\CodeIgniter->runController(Object(App\Controllers\controller_partida))
 4 SYSTEMPATH\CodeIgniter.php(368): CodeIgniter\CodeIgniter->handleRequest(null, Object(Config\Cache), false)
 5 FCPATH\index.php(67): CodeIgniter\CodeIgniter->run()
INFO - 2023-07-08 05:19:21 --> Session: Class initialized using 'CodeIgniter\Session\Handlers\FileHandler' driver.
INFO - 2023-07-08 05:19:24 --> Session: Class initialized using 'CodeIgniter\Session\Handlers\FileHandler' driver.
INFO - 2023-07-08 05:19:25 --> Session: Class initialized using 'CodeIgniter\Session\Handlers\FileHandler' driver.
INFO - 2023-07-08 05:19:27 --> Session: Class initialized using 'CodeIgniter\Session\Handlers\FileHandler' driver.
INFO - 2023-07-08 05:19:28 --> Session: Class initialized using 'CodeIgniter\Session\Handlers\FileHandler' driver.
INFO - 2023-07-08 05:19:30 --> Session: Class initialized using 'CodeIgniter\Session\Handlers\FileHandler' driver.
INFO - 2023-07-08 05:21:45 --> Session: Class initialized using 'CodeIgniter\Session\Handlers\FileHandler' driver.
CRITICAL - 2023-07-08 05:21:45 --> syntax error, unexpected end of file, expecting "elseif" or "else" or "endif"
in APPPATH\Views\view_listar_partidas.php on line 48.
 1 SYSTEMPATH\View\View.php(216): CodeIgniter\View\View->CodeIgniter\View\{closure}()
 2 SYSTEMPATH\Common.php(1184): CodeIgniter\View\View->render('view_listar_partidas', [], true)
 3 APPPATH\Controllers\controller_partida.php(75): view('view_listar_partidas', [...])
 4 SYSTEMPATH\CodeIgniter.php(934): App\Controllers\controller_partida->listarPartidas()
 5 SYSTEMPATH\CodeIgniter.php(499): CodeIgniter\CodeIgniter->runController(Object(App\Controllers\controller_partida))
 6 SYSTEMPATH\CodeIgniter.php(368): CodeIgniter\CodeIgniter->handleRequest(null, Object(Config\Cache), false)
 7 FCPATH\index.php(67): CodeIgniter\CodeIgniter->run()
INFO - 2023-07-08 05:24:27 --> Session: Class initialized using 'CodeIgniter\Session\Handlers\FileHandler' driver.
CRITICAL - 2023-07-08 05:24:27 --> Undefined variable $participantes
in APPPATH\Views\view_listar_partidas.php on line 11.
 1 APPPATH\Views\view_listar_partidas.php(11): CodeIgniter\Debug\Exceptions->errorHandler(2, 'Undefined variable $participantes', 'C:\\xampp\\htdocs\\ColaboraHub\\app\\Views\\view_listar_partidas.php', 11)
 2 SYSTEMPATH\View\View.php(213): include('C:\\xampp\\htdocs\\ColaboraHub\\app\\Views\\view_listar_partidas.php')
 3 SYSTEMPATH\View\View.php(216): CodeIgniter\View\View->CodeIgniter\View\{closure}()
 4 SYSTEMPATH\Common.php(1184): CodeIgniter\View\View->render('view_listar_partidas', [], true)
 5 APPPATH\Controllers\controller_partida.php(75): view('view_listar_partidas', [...])
 6 SYSTEMPATH\CodeIgniter.php(934): App\Controllers\controller_partida->listarPartidas()
 7 SYSTEMPATH\CodeIgniter.php(499): CodeIgniter\CodeIgniter->runController(Object(App\Controllers\controller_partida))
 8 SYSTEMPATH\CodeIgniter.php(368): CodeIgniter\CodeIgniter->handleRequest(null, Object(Config\Cache), false)
 9 FCPATH\index.php(67): CodeIgniter\CodeIgniter->run()
INFO - 2023-07-08 05:25:06 --> Session: Class initialized using 'CodeIgniter\Session\Handlers\FileHandler' driver.
CRITICAL - 2023-07-08 05:25:06 --> Undefined variable $participantes
in APPPATH\Views\view_listar_partidas.php on line 11.
 1 APPPATH\Views\view_listar_partidas.php(11): CodeIgniter\Debug\Exceptions->errorHandler(2, 'Undefined variable $participantes', 'C:\\xampp\\htdocs\\ColaboraHub\\app\\Views\\view_listar_partidas.php', 11)
 2 SYSTEMPATH\View\View.php(213): include('C:\\xampp\\htdocs\\ColaboraHub\\app\\Views\\view_listar_partidas.php')
 3 SYSTEMPATH\View\View.php(216): CodeIgniter\View\View->CodeIgniter\View\{closure}()
 4 SYSTEMPATH\Common.php(1184): CodeIgniter\View\View->render('view_listar_partidas', [], true)
 5 APPPATH\Controllers\controller_partida.php(75): view('view_listar_partidas', [...])
 6 SYSTEMPATH\CodeIgniter.php(934): App\Controllers\controller_partida->listarPartidas()
 7 SYSTEMPATH\CodeIgniter.php(499): CodeIgniter\CodeIgniter->runController(Object(App\Controllers\controller_partida))
 8 SYSTEMPATH\CodeIgniter.php(368): CodeIgniter\CodeIgniter->handleRequest(null, Object(Config\Cache), false)
 9 FCPATH\index.php(67): CodeIgniter\CodeIgniter->run()
INFO - 2023-07-08 05:27:20 --> Session: Class initialized using 'CodeIgniter\Session\Handlers\FileHandler' driver.
CRITICAL - 2023-07-08 05:27:20 --> Undefined variable $participantes
in APPPATH\Views\view_listar_partidas.php on line 11.
 1 APPPATH\Views\view_listar_partidas.php(11): CodeIgniter\Debug\Exceptions->errorHandler(2, 'Undefined variable $participantes', 'C:\\xampp\\htdocs\\ColaboraHub\\app\\Views\\view_listar_partidas.php', 11)
 2 SYSTEMPATH\View\View.php(213): include('C:\\xampp\\htdocs\\ColaboraHub\\app\\Views\\view_listar_partidas.php')
 3 SYSTEMPATH\View\View.php(216): CodeIgniter\View\View->CodeIgniter\View\{closure}()
 4 SYSTEMPATH\Common.php(1184): CodeIgniter\View\View->render('view_listar_partidas', [], true)
 5 APPPATH\Controllers\controller_partida.php(75): view('view_listar_partidas', [...])
 6 SYSTEMPATH\CodeIgniter.php(934): App\Controllers\controller_partida->listarPartidas()
 7 SYSTEMPATH\CodeIgniter.php(499): CodeIgniter\CodeIgniter->runController(Object(App\Controllers\controller_partida))
 8 SYSTEMPATH\CodeIgniter.php(368): CodeIgniter\CodeIgniter->handleRequest(null, Object(Config\Cache), false)
 9 FCPATH\index.php(67): CodeIgniter\CodeIgniter->run()
INFO - 2023-07-08 05:27:20 --> Session: Class initialized using 'CodeIgniter\Session\Handlers\FileHandler' driver.
CRITICAL - 2023-07-08 05:27:20 --> Undefined variable $participantes
in APPPATH\Views\view_listar_partidas.php on line 11.
 1 APPPATH\Views\view_listar_partidas.php(11): CodeIgniter\Debug\Exceptions->errorHandler(2, 'Undefined variable $participantes', 'C:\\xampp\\htdocs\\ColaboraHub\\app\\Views\\view_listar_partidas.php', 11)
 2 SYSTEMPATH\View\View.php(213): include('C:\\xampp\\htdocs\\ColaboraHub\\app\\Views\\view_listar_partidas.php')
 3 SYSTEMPATH\View\View.php(216): CodeIgniter\View\View->CodeIgniter\View\{closure}()
 4 SYSTEMPATH\Common.php(1184): CodeIgniter\View\View->render('view_listar_partidas', [], true)
 5 APPPATH\Controllers\controller_partida.php(75): view('view_listar_partidas', [...])
 6 SYSTEMPATH\CodeIgniter.php(934): App\Controllers\controller_partida->listarPartidas()
 7 SYSTEMPATH\CodeIgniter.php(499): CodeIgniter\CodeIgniter->runController(Object(App\Controllers\controller_partida))
 8 SYSTEMPATH\CodeIgniter.php(368): CodeIgniter\CodeIgniter->handleRequest(null, Object(Config\Cache), false)
 9 FCPATH\index.php(67): CodeIgniter\CodeIgniter->run()
INFO - 2023-07-08 05:27:30 --> Session: Class initialized using 'CodeIgniter\Session\Handlers\FileHandler' driver.
INFO - 2023-07-08 05:36:15 --> Session: Class initialized using 'CodeIgniter\Session\Handlers\FileHandler' driver.
INFO - 2023-07-08 05:36:17 --> Session: Class initialized using 'CodeIgniter\Session\Handlers\FileHandler' driver.
INFO - 2023-07-08 05:36:18 --> Session: Class initialized using 'CodeIgniter\Session\Handlers\FileHandler' driver.
INFO - 2023-07-08 05:36:18 --> Session: Class initialized using 'CodeIgniter\Session\Handlers\FileHandler' driver.
INFO - 2023-07-08 05:36:19 --> Session: Class initialized using 'CodeIgniter\Session\Handlers\FileHandler' driver.
INFO - 2023-07-08 05:36:24 --> Session: Class initialized using 'CodeIgniter\Session\Handlers\FileHandler' driver.
INFO - 2023-07-08 05:36:25 --> Session: Class initialized using 'CodeIgniter\Session\Handlers\FileHandler' driver.
INFO - 2023-07-08 05:38:30 --> Session: Class initialized using 'CodeIgniter\Session\Handlers\FileHandler' driver.
INFO - 2023-07-08 05:38:32 --> Session: Class initialized using 'CodeIgniter\Session\Handlers\FileHandler' driver.
INFO - 2023-07-08 05:38:32 --> Session: Class initialized using 'CodeIgniter\Session\Handlers\FileHandler' driver.
INFO - 2023-07-08 05:38:33 --> Session: Class initialized using 'CodeIgniter\Session\Handlers\FileHandler' driver.
INFO - 2023-07-08 05:38:33 --> Session: Class initialized using 'CodeIgniter\Session\Handlers\FileHandler' driver.
INFO - 2023-07-08 05:38:33 --> Session: Class initialized using 'CodeIgniter\Session\Handlers\FileHandler' driver.
INFO - 2023-07-08 05:38:33 --> Session: Class initialized using 'CodeIgniter\Session\Handlers\FileHandler' driver.
INFO - 2023-07-08 05:39:01 --> Session: Class initialized using 'CodeIgniter\Session\Handlers\FileHandler' driver.
INFO - 2023-07-08 05:39:02 --> Session: Class initialized using 'CodeIgniter\Session\Handlers\FileHandler' driver.
INFO - 2023-07-08 05:39:02 --> Session: Class initialized using 'CodeIgniter\Session\Handlers\FileHandler' driver.
INFO - 2023-07-08 05:39:04 --> Session: Class initialized using 'CodeIgniter\Session\Handlers\FileHandler' driver.
INFO - 2023-07-08 05:39:05 --> Session: Class initialized using 'CodeIgniter\Session\Handlers\FileHandler' driver.
INFO - 2023-07-08 05:39:57 --> Session: Class initialized using 'CodeIgniter\Session\Handlers\FileHandler' driver.
INFO - 2023-07-08 05:39:58 --> Session: Class initialized using 'CodeIgniter\Session\Handlers\FileHandler' driver.
INFO - 2023-07-08 05:39:58 --> Session: Class initialized using 'CodeIgniter\Session\Handlers\FileHandler' driver.
INFO - 2023-07-08 05:39:58 --> Session: Class initialized using 'CodeIgniter\Session\Handlers\FileHandler' driver.
INFO - 2023-07-08 05:40:00 --> Session: Class initialized using 'CodeIgniter\Session\Handlers\FileHandler' driver.
INFO - 2023-07-08 05:40:01 --> Session: Class initialized using 'CodeIgniter\Session\Handlers\FileHandler' driver.
INFO - 2023-07-08 05:40:01 --> Session: Class initialized using 'CodeIgniter\Session\Handlers\FileHandler' driver.
INFO - 2023-07-08 05:44:22 --> Session: Class initialized using 'CodeIgniter\Session\Handlers\FileHandler' driver.
CRITICAL - 2023-07-08 05:44:22 --> Undefined array key "player_1"
in APPPATH\Controllers\controller_partida.php on line 75.
 1 APPPATH\Controllers\controller_partida.php(75): CodeIgniter\Debug\Exceptions->errorHandler(2, 'Undefined array key "player_1"', 'C:\\xampp\\htdocs\\ColaboraHub\\app\\Controllers\\controller_partida.php', 75)
 2 SYSTEMPATH\CodeIgniter.php(934): App\Controllers\controller_partida->listarPartidas()
 3 SYSTEMPATH\CodeIgniter.php(499): CodeIgniter\CodeIgniter->runController(Object(App\Controllers\controller_partida))
 4 SYSTEMPATH\CodeIgniter.php(368): CodeIgniter\CodeIgniter->handleRequest(null, Object(Config\Cache), false)
 5 FCPATH\index.php(67): CodeIgniter\CodeIgniter->run()
INFO - 2023-07-08 05:44:36 --> Session: Class initialized using 'CodeIgniter\Session\Handlers\FileHandler' driver.
CRITICAL - 2023-07-08 05:44:36 --> Undefined array key "player_1"
in APPPATH\Controllers\controller_partida.php on line 75.
 1 APPPATH\Controllers\controller_partida.php(75): CodeIgniter\Debug\Exceptions->errorHandler(2, 'Undefined array key "player_1"', 'C:\\xampp\\htdocs\\ColaboraHub\\app\\Controllers\\controller_partida.php', 75)
 2 SYSTEMPATH\CodeIgniter.php(934): App\Controllers\controller_partida->listarPartidas()
 3 SYSTEMPATH\CodeIgniter.php(499): CodeIgniter\CodeIgniter->runController(Object(App\Controllers\controller_partida))
 4 SYSTEMPATH\CodeIgniter.php(368): CodeIgniter\CodeIgniter->handleRequest(null, Object(Config\Cache), false)
 5 FCPATH\index.php(67): CodeIgniter\CodeIgniter->run()
INFO - 2023-07-08 05:44:47 --> Session: Class initialized using 'CodeIgniter\Session\Handlers\FileHandler' driver.
INFO - 2023-07-08 05:46:25 --> Session: Class initialized using 'CodeIgniter\Session\Handlers\FileHandler' driver.
INFO - 2023-07-08 05:46:26 --> Session: Class initialized using 'CodeIgniter\Session\Handlers\FileHandler' driver.
INFO - 2023-07-08 05:46:29 --> Session: Class initialized using 'CodeIgniter\Session\Handlers\FileHandler' driver.
INFO - 2023-07-08 05:46:29 --> Session: Class initialized using 'CodeIgniter\Session\Handlers\FileHandler' driver.
